

================================================================
== Vivado HLS Report for 'quant_and_pack'
================================================================
* Date:           Thu Feb  5 03:32:41 2026

* Version:        2019.2 (Build 2704478 on Wed Nov 06 22:10:23 MST 2019)
* Project:        bnn.prj
* Solution:       solution1
* Product family: zynquplus
* Target device:  xczu3eg-sbva484-1-e


================================================================
== Performance Estimates
================================================================
+ Timing: 
    * Summary: 
    +--------+---------+----------+------------+
    |  Clock |  Target | Estimated| Uncertainty|
    +--------+---------+----------+------------+
    |ap_clk  | 4.00 ns | 3.500 ns |   0.50 ns  |
    +--------+---------+----------+------------+

+ Latency: 
    * Summary: 
    +---------+---------+----------+-----------+-----+------+---------+
    |  Latency (cycles) |  Latency (absolute)  |  Interval  | Pipeline|
    |   min   |   max   |    min   |    max    | min |  max |   Type  |
    +---------+---------+----------+-----------+-----+------+---------+
    |      261|     4101| 1.044 us | 16.404 us |  261|  4101|   none  |
    +---------+---------+----------+-----------+-----+------+---------+

    + Detail: 
        * Instance: 
        +--------------------+--------+---------+---------+----------+----------+-----+-----+----------+
        |                    |        |  Latency (cycles) |  Latency (absolute) |  Interval | Pipeline |
        |      Instance      | Module |   min   |   max   |    min   |    max   | min | max |   Type   |
        +--------------------+--------+---------+---------+----------+----------+-----+-----+----------+
        |grp_to2bit_fu_1371  |to2bit  |        1|        1| 4.000 ns | 4.000 ns |    1|    1| function |
        |grp_to2bit_fu_1377  |to2bit  |        1|        1| 4.000 ns | 4.000 ns |    1|    1| function |
        |grp_to2bit_fu_1383  |to2bit  |        1|        1| 4.000 ns | 4.000 ns |    1|    1| function |
        |grp_to2bit_fu_1389  |to2bit  |        1|        1| 4.000 ns | 4.000 ns |    1|    1| function |
        |grp_to2bit_fu_1395  |to2bit  |        1|        1| 4.000 ns | 4.000 ns |    1|    1| function |
        |grp_to2bit_fu_1401  |to2bit  |        1|        1| 4.000 ns | 4.000 ns |    1|    1| function |
        |grp_to2bit_fu_1407  |to2bit  |        1|        1| 4.000 ns | 4.000 ns |    1|    1| function |
        |grp_to2bit_fu_1413  |to2bit  |        1|        1| 4.000 ns | 4.000 ns |    1|    1| function |
        |grp_to2bit_fu_1419  |to2bit  |        1|        1| 4.000 ns | 4.000 ns |    1|    1| function |
        |grp_to2bit_fu_1425  |to2bit  |        1|        1| 4.000 ns | 4.000 ns |    1|    1| function |
        |grp_to2bit_fu_1431  |to2bit  |        1|        1| 4.000 ns | 4.000 ns |    1|    1| function |
        |grp_to2bit_fu_1437  |to2bit  |        1|        1| 4.000 ns | 4.000 ns |    1|    1| function |
        |grp_to2bit_fu_1443  |to2bit  |        1|        1| 4.000 ns | 4.000 ns |    1|    1| function |
        |grp_to2bit_fu_1449  |to2bit  |        1|        1| 4.000 ns | 4.000 ns |    1|    1| function |
        |grp_to2bit_fu_1455  |to2bit  |        1|        1| 4.000 ns | 4.000 ns |    1|    1| function |
        |grp_to2bit_fu_1461  |to2bit  |        1|        1| 4.000 ns | 4.000 ns |    1|    1| function |
        +--------------------+--------+---------+---------+----------+----------+-----+-----+----------+

        * Loop: 
        +---------------------+---------+---------+----------+-----------+-----------+------------+----------+
        |                     |  Latency (cycles) | Iteration|  Initiation Interval  |    Trip    |          |
        |      Loop Name      |   min   |   max   |  Latency |  achieved |   target  |    Count   | Pipelined|
        +---------------------+---------+---------+----------+-----------+-----------+------------+----------+
        |- LOOP_Quant_Pack_L  |      259|     4099|         5|          1|          1| 256 ~ 4096 |    yes   |
        +---------------------+---------+---------+----------+-----------+-----------+------------+----------+



================================================================
== Utilization Estimates
================================================================
* Summary: 
+-----------------+---------+-------+--------+-------+-----+
|       Name      | BRAM_18K| DSP48E|   FF   |  LUT  | URAM|
+-----------------+---------+-------+--------+-------+-----+
|DSP              |        -|      -|       -|      -|    -|
|Expression       |        -|      0|       0|    906|    -|
|FIFO             |        -|      -|       -|      -|    -|
|Instance         |        -|      -|      80|   2832|    -|
|Memory           |        -|      -|       -|      -|    -|
|Multiplexer      |        -|      -|       -|    390|    -|
|Register         |        0|      -|    1804|    640|    -|
+-----------------+---------+-------+--------+-------+-----+
|Total            |        0|      0|    1884|   4768|    0|
+-----------------+---------+-------+--------+-------+-----+
|Available        |      432|    360|  141120|  70560|    0|
+-----------------+---------+-------+--------+-------+-----+
|Utilization (%)  |        0|      0|       1|      6|    0|
+-----------------+---------+-------+--------+-------+-----+

+ Detail: 
    * Instance: 
    +---------------------------+----------------------+---------+-------+---+-----+-----+
    |          Instance         |        Module        | BRAM_18K| DSP48E| FF| LUT | URAM|
    +---------------------------+----------------------+---------+-------+---+-----+-----+
    |FracNet_T_mux_42_cyx_U335  |FracNet_T_mux_42_cyx  |        0|      0|  0|   55|    0|
    |FracNet_T_mux_42_cyx_U336  |FracNet_T_mux_42_cyx  |        0|      0|  0|   55|    0|
    |FracNet_T_mux_42_cyx_U337  |FracNet_T_mux_42_cyx  |        0|      0|  0|   55|    0|
    |FracNet_T_mux_42_cyx_U338  |FracNet_T_mux_42_cyx  |        0|      0|  0|   55|    0|
    |FracNet_T_mux_42_cyx_U339  |FracNet_T_mux_42_cyx  |        0|      0|  0|   55|    0|
    |FracNet_T_mux_42_cyx_U340  |FracNet_T_mux_42_cyx  |        0|      0|  0|   55|    0|
    |FracNet_T_mux_42_cyx_U341  |FracNet_T_mux_42_cyx  |        0|      0|  0|   55|    0|
    |FracNet_T_mux_42_cyx_U342  |FracNet_T_mux_42_cyx  |        0|      0|  0|   55|    0|
    |FracNet_T_mux_42_cyx_U343  |FracNet_T_mux_42_cyx  |        0|      0|  0|   55|    0|
    |FracNet_T_mux_42_cyx_U344  |FracNet_T_mux_42_cyx  |        0|      0|  0|   55|    0|
    |FracNet_T_mux_42_cyx_U345  |FracNet_T_mux_42_cyx  |        0|      0|  0|   55|    0|
    |FracNet_T_mux_42_cyx_U346  |FracNet_T_mux_42_cyx  |        0|      0|  0|   55|    0|
    |FracNet_T_mux_42_cyx_U347  |FracNet_T_mux_42_cyx  |        0|      0|  0|   55|    0|
    |FracNet_T_mux_42_cyx_U348  |FracNet_T_mux_42_cyx  |        0|      0|  0|   55|    0|
    |FracNet_T_mux_42_cyx_U349  |FracNet_T_mux_42_cyx  |        0|      0|  0|   55|    0|
    |FracNet_T_mux_42_cyx_U350  |FracNet_T_mux_42_cyx  |        0|      0|  0|   55|    0|
    |grp_to2bit_fu_1371         |to2bit                |        0|      0|  5|  122|    0|
    |grp_to2bit_fu_1377         |to2bit                |        0|      0|  5|  122|    0|
    |grp_to2bit_fu_1383         |to2bit                |        0|      0|  5|  122|    0|
    |grp_to2bit_fu_1389         |to2bit                |        0|      0|  5|  122|    0|
    |grp_to2bit_fu_1395         |to2bit                |        0|      0|  5|  122|    0|
    |grp_to2bit_fu_1401         |to2bit                |        0|      0|  5|  122|    0|
    |grp_to2bit_fu_1407         |to2bit                |        0|      0|  5|  122|    0|
    |grp_to2bit_fu_1413         |to2bit                |        0|      0|  5|  122|    0|
    |grp_to2bit_fu_1419         |to2bit                |        0|      0|  5|  122|    0|
    |grp_to2bit_fu_1425         |to2bit                |        0|      0|  5|  122|    0|
    |grp_to2bit_fu_1431         |to2bit                |        0|      0|  5|  122|    0|
    |grp_to2bit_fu_1437         |to2bit                |        0|      0|  5|  122|    0|
    |grp_to2bit_fu_1443         |to2bit                |        0|      0|  5|  122|    0|
    |grp_to2bit_fu_1449         |to2bit                |        0|      0|  5|  122|    0|
    |grp_to2bit_fu_1455         |to2bit                |        0|      0|  5|  122|    0|
    |grp_to2bit_fu_1461         |to2bit                |        0|      0|  5|  122|    0|
    +---------------------------+----------------------+---------+-------+---+-----+-----+
    |Total                      |                      |        0|      0| 80| 2832|    0|
    +---------------------------+----------------------+---------+-------+---+-----+-----+

    * DSP48E: 
    N/A

    * Memory: 
    N/A

    * FIFO: 
    N/A

    * Expression: 
    +---------------------------+----------+-------+---+----+------------+------------+
    |       Variable Name       | Operation| DSP48E| FF| LUT| Bitwidth P0| Bitwidth P1|
    +---------------------------+----------+-------+---+----+------------+------------+
    |mul_ln28_fu_1479_p2        |     *    |      0|  0|  30|           7|           6|
    |add_ln36_fu_1750_p2        |     +    |      0|  0|  21|           1|          14|
    |add_ln37_1_fu_2215_p2      |     +    |      0|  0|  19|           1|          12|
    |add_ln42_1_fu_2252_p2      |     +    |      0|  0|  19|          12|          12|
    |add_ln42_fu_2243_p2        |     +    |      0|  0|  19|          12|          12|
    |ch_t_fu_1756_p2            |     +    |      0|  0|  11|           1|           3|
    |col_fu_2209_p2             |     +    |      0|  0|  15|           1|           6|
    |row_fu_2181_p2             |     +    |      0|  0|  15|           1|           6|
    |ap_condition_509           |    and   |      0|  0|   2|           1|           1|
    |icmp_ln36_fu_1745_p2       |   icmp   |      0|  0|  13|          14|          14|
    |icmp_ln37_fu_1762_p2       |   icmp   |      0|  0|  13|          12|          12|
    |icmp_ln38_1_fu_2169_p2     |   icmp   |      0|  0|  11|           6|           6|
    |icmp_ln38_fu_1493_p2       |   icmp   |      0|  0|  11|           6|           1|
    |icmp_ln44_10_fu_1665_p2    |   icmp   |      0|  0|  11|           8|           8|
    |icmp_ln44_11_fu_1680_p2    |   icmp   |      0|  0|  11|           8|           8|
    |icmp_ln44_12_fu_1695_p2    |   icmp   |      0|  0|  11|           8|           8|
    |icmp_ln44_13_fu_1710_p2    |   icmp   |      0|  0|  11|           8|           8|
    |icmp_ln44_14_fu_1725_p2    |   icmp   |      0|  0|  11|           8|           8|
    |icmp_ln44_15_fu_1740_p2    |   icmp   |      0|  0|  11|           8|           8|
    |icmp_ln44_16_fu_1803_p2    |   icmp   |      0|  0|  11|           8|           8|
    |icmp_ln44_17_fu_1834_p2    |   icmp   |      0|  0|  11|           8|           8|
    |icmp_ln44_18_fu_1857_p2    |   icmp   |      0|  0|  11|           8|           8|
    |icmp_ln44_19_fu_1880_p2    |   icmp   |      0|  0|  11|           8|           8|
    |icmp_ln44_1_fu_1530_p2     |   icmp   |      0|  0|  11|           8|           8|
    |icmp_ln44_20_fu_1903_p2    |   icmp   |      0|  0|  11|           8|           8|
    |icmp_ln44_21_fu_1926_p2    |   icmp   |      0|  0|  11|           8|           8|
    |icmp_ln44_22_fu_1949_p2    |   icmp   |      0|  0|  11|           8|           8|
    |icmp_ln44_23_fu_1972_p2    |   icmp   |      0|  0|  11|           8|           8|
    |icmp_ln44_24_fu_1995_p2    |   icmp   |      0|  0|  11|           8|           8|
    |icmp_ln44_25_fu_2018_p2    |   icmp   |      0|  0|  11|           8|           8|
    |icmp_ln44_26_fu_2041_p2    |   icmp   |      0|  0|  11|           8|           8|
    |icmp_ln44_27_fu_2064_p2    |   icmp   |      0|  0|  11|           8|           8|
    |icmp_ln44_28_fu_2087_p2    |   icmp   |      0|  0|  11|           8|           8|
    |icmp_ln44_29_fu_2110_p2    |   icmp   |      0|  0|  11|           8|           8|
    |icmp_ln44_2_fu_1545_p2     |   icmp   |      0|  0|  11|           8|           8|
    |icmp_ln44_30_fu_2133_p2    |   icmp   |      0|  0|  11|           8|           8|
    |icmp_ln44_31_fu_2156_p2    |   icmp   |      0|  0|  11|           8|           8|
    |icmp_ln44_3_fu_1560_p2     |   icmp   |      0|  0|  11|           8|           8|
    |icmp_ln44_4_fu_1575_p2     |   icmp   |      0|  0|  11|           8|           8|
    |icmp_ln44_5_fu_1590_p2     |   icmp   |      0|  0|  11|           8|           8|
    |icmp_ln44_6_fu_1605_p2     |   icmp   |      0|  0|  11|           8|           8|
    |icmp_ln44_7_fu_1620_p2     |   icmp   |      0|  0|  11|           8|           8|
    |icmp_ln44_8_fu_1635_p2     |   icmp   |      0|  0|  11|           8|           8|
    |icmp_ln44_9_fu_1650_p2     |   icmp   |      0|  0|  11|           8|           8|
    |icmp_ln44_fu_1515_p2       |   icmp   |      0|  0|  11|           8|           8|
    |or_ln37_fu_2187_p2         |    or    |      0|  0|   2|           1|           1|
    |or_ln43_10_fu_1670_p2      |    or    |      0|  0|   6|           6|           4|
    |or_ln43_11_fu_1685_p2      |    or    |      0|  0|   6|           6|           4|
    |or_ln43_12_fu_1700_p2      |    or    |      0|  0|   6|           6|           4|
    |or_ln43_13_fu_1715_p2      |    or    |      0|  0|   6|           6|           4|
    |or_ln43_14_fu_1730_p2      |    or    |      0|  0|   6|           6|           4|
    |or_ln43_15_fu_1824_p2      |    or    |      0|  0|   6|           6|           1|
    |or_ln43_16_fu_1847_p2      |    or    |      0|  0|   6|           6|           2|
    |or_ln43_17_fu_1870_p2      |    or    |      0|  0|   6|           6|           2|
    |or_ln43_18_fu_1893_p2      |    or    |      0|  0|   6|           6|           3|
    |or_ln43_19_fu_1916_p2      |    or    |      0|  0|   6|           6|           3|
    |or_ln43_1_fu_1535_p2       |    or    |      0|  0|   6|           6|           2|
    |or_ln43_20_fu_1939_p2      |    or    |      0|  0|   6|           6|           3|
    |or_ln43_21_fu_1962_p2      |    or    |      0|  0|   6|           6|           3|
    |or_ln43_22_fu_1985_p2      |    or    |      0|  0|   6|           6|           4|
    |or_ln43_23_fu_2008_p2      |    or    |      0|  0|   6|           6|           4|
    |or_ln43_24_fu_2031_p2      |    or    |      0|  0|   6|           6|           4|
    |or_ln43_25_fu_2054_p2      |    or    |      0|  0|   6|           6|           4|
    |or_ln43_26_fu_2077_p2      |    or    |      0|  0|   6|           6|           4|
    |or_ln43_27_fu_2100_p2      |    or    |      0|  0|   6|           6|           4|
    |or_ln43_28_fu_2123_p2      |    or    |      0|  0|   6|           6|           4|
    |or_ln43_29_fu_2146_p2      |    or    |      0|  0|   6|           6|           4|
    |or_ln43_2_fu_1550_p2       |    or    |      0|  0|   6|           6|           2|
    |or_ln43_3_fu_1565_p2       |    or    |      0|  0|   6|           6|           3|
    |or_ln43_4_fu_1580_p2       |    or    |      0|  0|   6|           6|           3|
    |or_ln43_5_fu_1595_p2       |    or    |      0|  0|   6|           6|           3|
    |or_ln43_6_fu_1610_p2       |    or    |      0|  0|   6|           6|           3|
    |or_ln43_7_fu_1625_p2       |    or    |      0|  0|   6|           6|           4|
    |or_ln43_8_fu_1640_p2       |    or    |      0|  0|   6|           6|           4|
    |or_ln43_9_fu_1655_p2       |    or    |      0|  0|   6|           6|           4|
    |or_ln43_fu_1520_p2         |    or    |      0|  0|   6|           6|           1|
    |select_ln36_10_fu_1977_p3  |  select  |      0|  0|   2|           1|           1|
    |select_ln36_11_fu_2000_p3  |  select  |      0|  0|   2|           1|           1|
    |select_ln36_12_fu_2023_p3  |  select  |      0|  0|   2|           1|           1|
    |select_ln36_13_fu_2046_p3  |  select  |      0|  0|   2|           1|           1|
    |select_ln36_14_fu_2069_p3  |  select  |      0|  0|   2|           1|           1|
    |select_ln36_15_fu_2092_p3  |  select  |      0|  0|   2|           1|           1|
    |select_ln36_16_fu_2115_p3  |  select  |      0|  0|   2|           1|           1|
    |select_ln36_17_fu_2138_p3  |  select  |      0|  0|   2|           1|           1|
    |select_ln36_18_fu_2161_p3  |  select  |      0|  0|   2|           1|           1|
    |select_ln36_19_fu_2174_p3  |  select  |      0|  0|   2|           1|           1|
    |select_ln36_1_fu_1791_p3   |  select  |      0|  0|   3|           1|           3|
    |select_ln36_2_fu_1808_p3   |  select  |      0|  0|   2|           1|           1|
    |select_ln36_3_fu_1816_p3   |  select  |      0|  0|   6|           1|           6|
    |select_ln36_4_fu_1839_p3   |  select  |      0|  0|   2|           1|           1|
    |select_ln36_5_fu_1862_p3   |  select  |      0|  0|   2|           1|           1|
    |select_ln36_6_fu_1885_p3   |  select  |      0|  0|   2|           1|           1|
    |select_ln36_7_fu_1908_p3   |  select  |      0|  0|   2|           1|           1|
    |select_ln36_8_fu_1931_p3   |  select  |      0|  0|   2|           1|           1|
    |select_ln36_9_fu_1954_p3   |  select  |      0|  0|   2|           1|           1|
    |select_ln36_fu_1767_p3     |  select  |      0|  0|   6|           1|           1|
    |select_ln37_1_fu_2201_p3   |  select  |      0|  0|   6|           1|           6|
    |select_ln37_2_fu_2221_p3   |  select  |      0|  0|  12|           1|           1|
    |select_ln37_fu_2193_p3     |  select  |      0|  0|   6|           1|           1|
    |ap_enable_pp0              |    xor   |      0|  0|   2|           1|           2|
    |ap_enable_reg_pp0_iter1    |    xor   |      0|  0|   2|           2|           1|
    |xor_ln36_10_fu_2626_p2     |    xor   |      0|  0|   6|           6|           5|
    |xor_ln36_11_fu_2635_p2     |    xor   |      0|  0|   6|           6|           5|
    |xor_ln36_12_fu_2644_p2     |    xor   |      0|  0|   6|           6|           5|
    |xor_ln36_13_fu_2653_p2     |    xor   |      0|  0|   6|           6|           5|
    |xor_ln36_14_fu_2662_p2     |    xor   |      0|  0|   6|           6|           5|
    |xor_ln36_15_fu_2671_p2     |    xor   |      0|  0|   6|           6|           6|
    |xor_ln36_1_fu_2545_p2      |    xor   |      0|  0|   6|           6|           3|
    |xor_ln36_2_fu_2554_p2      |    xor   |      0|  0|   6|           6|           3|
    |xor_ln36_3_fu_2563_p2      |    xor   |      0|  0|   6|           6|           4|
    |xor_ln36_4_fu_2572_p2      |    xor   |      0|  0|   6|           6|           4|
    |xor_ln36_5_fu_2581_p2      |    xor   |      0|  0|   6|           6|           4|
    |xor_ln36_6_fu_2590_p2      |    xor   |      0|  0|   6|           6|           4|
    |xor_ln36_7_fu_2599_p2      |    xor   |      0|  0|   6|           6|           5|
    |xor_ln36_8_fu_2608_p2      |    xor   |      0|  0|   6|           6|           5|
    |xor_ln36_9_fu_2617_p2      |    xor   |      0|  0|   6|           6|           5|
    |xor_ln36_fu_2536_p2        |    xor   |      0|  0|   6|           6|           2|
    +---------------------------+----------+-------+---+----+------------+------------+
    |Total                      |          |      0|  0| 906|         634|         568|
    +---------------------------+----------+-------+---+----+------------+------------+

    * Multiplexer: 
    +-----------------------------------------+----+-----------+-----+-----------+
    |                   Name                  | LUT| Input Size| Bits| Total Bits|
    +-----------------------------------------+----+-----------+-----+-----------+
    |ap_NS_fsm                                |  21|          4|    1|          4|
    |ap_enable_reg_pp0_iter1                  |   9|          2|    1|          2|
    |ap_enable_reg_pp0_iter4                  |   9|          2|    1|          2|
    |ap_phi_mux_ch_t_0_phi_fu_1155_p4         |   9|          2|    3|          6|
    |ap_phi_mux_p_Val2_0_phi_fu_1199_p4       |   9|          2|    2|          4|
    |ap_phi_mux_p_Val2_10_phi_fu_1309_p4      |   9|          2|    2|          4|
    |ap_phi_mux_p_Val2_11_phi_fu_1320_p4      |   9|          2|    2|          4|
    |ap_phi_mux_p_Val2_12_phi_fu_1331_p4      |   9|          2|    2|          4|
    |ap_phi_mux_p_Val2_13_phi_fu_1342_p4      |   9|          2|    2|          4|
    |ap_phi_mux_p_Val2_14_phi_fu_1353_p4      |   9|          2|    2|          4|
    |ap_phi_mux_p_Val2_15_phi_fu_1364_p4      |   9|          2|    2|          4|
    |ap_phi_mux_p_Val2_1_phi_fu_1210_p4       |   9|          2|    2|          4|
    |ap_phi_mux_p_Val2_2_phi_fu_1221_p4       |   9|          2|    2|          4|
    |ap_phi_mux_p_Val2_3_phi_fu_1232_p4       |   9|          2|    2|          4|
    |ap_phi_mux_p_Val2_4_phi_fu_1243_p4       |   9|          2|    2|          4|
    |ap_phi_mux_p_Val2_58_phi_fu_1254_p4      |   9|          2|    2|          4|
    |ap_phi_mux_p_Val2_69_phi_fu_1265_p4      |   9|          2|    2|          4|
    |ap_phi_mux_p_Val2_7_phi_fu_1276_p4       |   9|          2|    2|          4|
    |ap_phi_mux_p_Val2_8_phi_fu_1287_p4       |   9|          2|    2|          4|
    |ap_phi_mux_p_Val2_9_phi_fu_1298_p4       |   9|          2|    2|          4|
    |ap_phi_mux_row_0_phi_fu_1177_p4          |   9|          2|    6|         12|
    |ap_phi_reg_pp0_iter1_p_Val2_0_reg_1195   |   9|          2|    2|          4|
    |ap_phi_reg_pp0_iter1_p_Val2_10_reg_1305  |   9|          2|    2|          4|
    |ap_phi_reg_pp0_iter1_p_Val2_11_reg_1316  |   9|          2|    2|          4|
    |ap_phi_reg_pp0_iter1_p_Val2_12_reg_1327  |   9|          2|    2|          4|
    |ap_phi_reg_pp0_iter1_p_Val2_13_reg_1338  |   9|          2|    2|          4|
    |ap_phi_reg_pp0_iter1_p_Val2_14_reg_1349  |   9|          2|    2|          4|
    |ap_phi_reg_pp0_iter1_p_Val2_15_reg_1360  |   9|          2|    2|          4|
    |ap_phi_reg_pp0_iter1_p_Val2_1_reg_1206   |   9|          2|    2|          4|
    |ap_phi_reg_pp0_iter1_p_Val2_2_reg_1217   |   9|          2|    2|          4|
    |ap_phi_reg_pp0_iter1_p_Val2_3_reg_1228   |   9|          2|    2|          4|
    |ap_phi_reg_pp0_iter1_p_Val2_4_reg_1239   |   9|          2|    2|          4|
    |ap_phi_reg_pp0_iter1_p_Val2_58_reg_1250  |   9|          2|    2|          4|
    |ap_phi_reg_pp0_iter1_p_Val2_69_reg_1261  |   9|          2|    2|          4|
    |ap_phi_reg_pp0_iter1_p_Val2_7_reg_1272   |   9|          2|    2|          4|
    |ap_phi_reg_pp0_iter1_p_Val2_8_reg_1283   |   9|          2|    2|          4|
    |ap_phi_reg_pp0_iter1_p_Val2_9_reg_1294   |   9|          2|    2|          4|
    |ch_t_0_reg_1151                          |   9|          2|    3|          6|
    |col_0_reg_1184                           |   9|          2|    6|         12|
    |indvar_flatten16_reg_1140                |   9|          2|   14|         28|
    |indvar_flatten_reg_1162                  |   9|          2|   12|         24|
    |row_0_reg_1173                           |   9|          2|    6|         12|
    +-----------------------------------------+----+-----------+-----+-----------+
    |Total                                    | 390|         86|  117|        236|
    +-----------------------------------------+----+-----------+-----+-----------+

    * Register: 
    +-----------------------------------------+----+----+-----+-----------+
    |                   Name                  | FF | LUT| Bits| Const Bits|
    +-----------------------------------------+----+----+-----+-----------+
    |ap_CS_fsm                                |   3|   0|    3|          0|
    |ap_enable_reg_pp0_iter0                  |   1|   0|    1|          0|
    |ap_enable_reg_pp0_iter1                  |   1|   0|    1|          0|
    |ap_enable_reg_pp0_iter2                  |   1|   0|    1|          0|
    |ap_enable_reg_pp0_iter3                  |   1|   0|    1|          0|
    |ap_enable_reg_pp0_iter4                  |   1|   0|    1|          0|
    |ap_phi_reg_pp0_iter1_p_Val2_0_reg_1195   |   2|   0|    2|          0|
    |ap_phi_reg_pp0_iter1_p_Val2_10_reg_1305  |   2|   0|    2|          0|
    |ap_phi_reg_pp0_iter1_p_Val2_11_reg_1316  |   2|   0|    2|          0|
    |ap_phi_reg_pp0_iter1_p_Val2_12_reg_1327  |   2|   0|    2|          0|
    |ap_phi_reg_pp0_iter1_p_Val2_13_reg_1338  |   2|   0|    2|          0|
    |ap_phi_reg_pp0_iter1_p_Val2_14_reg_1349  |   2|   0|    2|          0|
    |ap_phi_reg_pp0_iter1_p_Val2_15_reg_1360  |   2|   0|    2|          0|
    |ap_phi_reg_pp0_iter1_p_Val2_1_reg_1206   |   2|   0|    2|          0|
    |ap_phi_reg_pp0_iter1_p_Val2_2_reg_1217   |   2|   0|    2|          0|
    |ap_phi_reg_pp0_iter1_p_Val2_3_reg_1228   |   2|   0|    2|          0|
    |ap_phi_reg_pp0_iter1_p_Val2_4_reg_1239   |   2|   0|    2|          0|
    |ap_phi_reg_pp0_iter1_p_Val2_58_reg_1250  |   2|   0|    2|          0|
    |ap_phi_reg_pp0_iter1_p_Val2_69_reg_1261  |   2|   0|    2|          0|
    |ap_phi_reg_pp0_iter1_p_Val2_7_reg_1272   |   2|   0|    2|          0|
    |ap_phi_reg_pp0_iter1_p_Val2_8_reg_1283   |   2|   0|    2|          0|
    |ap_phi_reg_pp0_iter1_p_Val2_9_reg_1294   |   2|   0|    2|          0|
    |ap_phi_reg_pp0_iter2_p_Val2_0_reg_1195   |   2|   0|    2|          0|
    |ap_phi_reg_pp0_iter2_p_Val2_10_reg_1305  |   2|   0|    2|          0|
    |ap_phi_reg_pp0_iter2_p_Val2_11_reg_1316  |   2|   0|    2|          0|
    |ap_phi_reg_pp0_iter2_p_Val2_12_reg_1327  |   2|   0|    2|          0|
    |ap_phi_reg_pp0_iter2_p_Val2_13_reg_1338  |   2|   0|    2|          0|
    |ap_phi_reg_pp0_iter2_p_Val2_14_reg_1349  |   2|   0|    2|          0|
    |ap_phi_reg_pp0_iter2_p_Val2_15_reg_1360  |   2|   0|    2|          0|
    |ap_phi_reg_pp0_iter2_p_Val2_1_reg_1206   |   2|   0|    2|          0|
    |ap_phi_reg_pp0_iter2_p_Val2_2_reg_1217   |   2|   0|    2|          0|
    |ap_phi_reg_pp0_iter2_p_Val2_3_reg_1228   |   2|   0|    2|          0|
    |ap_phi_reg_pp0_iter2_p_Val2_4_reg_1239   |   2|   0|    2|          0|
    |ap_phi_reg_pp0_iter2_p_Val2_58_reg_1250  |   2|   0|    2|          0|
    |ap_phi_reg_pp0_iter2_p_Val2_69_reg_1261  |   2|   0|    2|          0|
    |ap_phi_reg_pp0_iter2_p_Val2_7_reg_1272   |   2|   0|    2|          0|
    |ap_phi_reg_pp0_iter2_p_Val2_8_reg_1283   |   2|   0|    2|          0|
    |ap_phi_reg_pp0_iter2_p_Val2_9_reg_1294   |   2|   0|    2|          0|
    |ap_phi_reg_pp0_iter3_p_Val2_0_reg_1195   |   2|   0|    2|          0|
    |ap_phi_reg_pp0_iter3_p_Val2_10_reg_1305  |   2|   0|    2|          0|
    |ap_phi_reg_pp0_iter3_p_Val2_11_reg_1316  |   2|   0|    2|          0|
    |ap_phi_reg_pp0_iter3_p_Val2_12_reg_1327  |   2|   0|    2|          0|
    |ap_phi_reg_pp0_iter3_p_Val2_13_reg_1338  |   2|   0|    2|          0|
    |ap_phi_reg_pp0_iter3_p_Val2_14_reg_1349  |   2|   0|    2|          0|
    |ap_phi_reg_pp0_iter3_p_Val2_15_reg_1360  |   2|   0|    2|          0|
    |ap_phi_reg_pp0_iter3_p_Val2_1_reg_1206   |   2|   0|    2|          0|
    |ap_phi_reg_pp0_iter3_p_Val2_2_reg_1217   |   2|   0|    2|          0|
    |ap_phi_reg_pp0_iter3_p_Val2_3_reg_1228   |   2|   0|    2|          0|
    |ap_phi_reg_pp0_iter3_p_Val2_4_reg_1239   |   2|   0|    2|          0|
    |ap_phi_reg_pp0_iter3_p_Val2_58_reg_1250  |   2|   0|    2|          0|
    |ap_phi_reg_pp0_iter3_p_Val2_69_reg_1261  |   2|   0|    2|          0|
    |ap_phi_reg_pp0_iter3_p_Val2_7_reg_1272   |   2|   0|    2|          0|
    |ap_phi_reg_pp0_iter3_p_Val2_8_reg_1283   |   2|   0|    2|          0|
    |ap_phi_reg_pp0_iter3_p_Val2_9_reg_1294   |   2|   0|    2|          0|
    |ap_phi_reg_pp0_iter4_p_Val2_0_reg_1195   |   2|   0|    2|          0|
    |ap_phi_reg_pp0_iter4_p_Val2_10_reg_1305  |   2|   0|    2|          0|
    |ap_phi_reg_pp0_iter4_p_Val2_11_reg_1316  |   2|   0|    2|          0|
    |ap_phi_reg_pp0_iter4_p_Val2_12_reg_1327  |   2|   0|    2|          0|
    |ap_phi_reg_pp0_iter4_p_Val2_13_reg_1338  |   2|   0|    2|          0|
    |ap_phi_reg_pp0_iter4_p_Val2_14_reg_1349  |   2|   0|    2|          0|
    |ap_phi_reg_pp0_iter4_p_Val2_15_reg_1360  |   2|   0|    2|          0|
    |ap_phi_reg_pp0_iter4_p_Val2_1_reg_1206   |   2|   0|    2|          0|
    |ap_phi_reg_pp0_iter4_p_Val2_2_reg_1217   |   2|   0|    2|          0|
    |ap_phi_reg_pp0_iter4_p_Val2_3_reg_1228   |   2|   0|    2|          0|
    |ap_phi_reg_pp0_iter4_p_Val2_4_reg_1239   |   2|   0|    2|          0|
    |ap_phi_reg_pp0_iter4_p_Val2_58_reg_1250  |   2|   0|    2|          0|
    |ap_phi_reg_pp0_iter4_p_Val2_69_reg_1261  |   2|   0|    2|          0|
    |ap_phi_reg_pp0_iter4_p_Val2_7_reg_1272   |   2|   0|    2|          0|
    |ap_phi_reg_pp0_iter4_p_Val2_8_reg_1283   |   2|   0|    2|          0|
    |ap_phi_reg_pp0_iter4_p_Val2_9_reg_1294   |   2|   0|    2|          0|
    |ch_t_0_reg_1151                          |   3|   0|    3|          0|
    |col_0_reg_1184                           |   6|   0|    6|          0|
    |empty_reg_3358                           |   6|   0|    6|          0|
    |icmp_ln36_reg_3378                       |   1|   0|    1|          0|
    |icmp_ln38_reg_3373                       |   1|   0|    1|          0|
    |indvar_flatten16_reg_1140                |  14|   0|   14|          0|
    |indvar_flatten_reg_1162                  |  12|   0|   12|          0|
    |msb_buffer_0_V_addr_reg_3838             |  11|   0|   11|          0|
    |msb_buffer_1_V_addr_reg_3844             |  11|   0|   11|          0|
    |mul_ln28_reg_3363                        |  12|   0|   12|          0|
    |row_0_reg_1173                           |   6|   0|    6|          0|
    |select_ln36_10_reg_3460                  |   1|   0|    1|          0|
    |select_ln36_11_reg_3464                  |   1|   0|    1|          0|
    |select_ln36_12_reg_3468                  |   1|   0|    1|          0|
    |select_ln36_13_reg_3472                  |   1|   0|    1|          0|
    |select_ln36_14_reg_3476                  |   1|   0|    1|          0|
    |select_ln36_15_reg_3480                  |   1|   0|    1|          0|
    |select_ln36_16_reg_3484                  |   1|   0|    1|          0|
    |select_ln36_17_reg_3488                  |   1|   0|    1|          0|
    |select_ln36_18_reg_3492                  |   1|   0|    1|          0|
    |select_ln36_1_reg_3387                   |   3|   0|    3|          0|
    |select_ln36_2_reg_3412                   |   1|   0|    1|          0|
    |select_ln36_3_reg_3416                   |   2|   0|    6|          4|
    |select_ln36_4_reg_3436                   |   1|   0|    1|          0|
    |select_ln36_5_reg_3440                   |   1|   0|    1|          0|
    |select_ln36_6_reg_3444                   |   1|   0|    1|          0|
    |select_ln36_7_reg_3448                   |   1|   0|    1|          0|
    |select_ln36_8_reg_3452                   |   1|   0|    1|          0|
    |select_ln36_9_reg_3456                   |   1|   0|    1|          0|
    |select_ln37_1_reg_3501                   |   6|   0|    6|          0|
    |select_ln37_reg_3496                     |   6|   0|    6|          0|
    |tmp_10_reg_3900                          |  16|   0|   16|          0|
    |tmp_11_reg_3905                          |  16|   0|   16|          0|
    |tmp_12_reg_3910                          |  16|   0|   16|          0|
    |tmp_13_reg_3915                          |  16|   0|   16|          0|
    |tmp_14_reg_3920                          |  16|   0|   16|          0|
    |tmp_15_reg_3925                          |  16|   0|   16|          0|
    |tmp_16_reg_3368                          |  12|   0|   14|          2|
    |tmp_1_reg_3850                           |  16|   0|   16|          0|
    |tmp_2_reg_3855                           |  16|   0|   16|          0|
    |tmp_3_reg_3860                           |  16|   0|   16|          0|
    |tmp_4_reg_3865                           |  16|   0|   16|          0|
    |tmp_5_reg_3870                           |  16|   0|   16|          0|
    |tmp_6_reg_3875                           |  16|   0|   16|          0|
    |tmp_7_reg_3880                           |  16|   0|   16|          0|
    |tmp_8_reg_3885                           |  16|   0|   16|          0|
    |tmp_9_reg_3890                           |  16|   0|   16|          0|
    |tmp_s_reg_3895                           |  16|   0|   16|          0|
    |trunc_ln36_reg_3392                      |   2|   0|    2|          0|
    |trunc_ln36_reg_3392_pp0_iter1_reg        |   2|   0|    2|          0|
    |icmp_ln36_reg_3378                       |  64|  32|    1|          0|
    |msb_buffer_0_V_addr_reg_3838             |  64|  32|   11|          0|
    |msb_buffer_1_V_addr_reg_3844             |  64|  32|   11|          0|
    |select_ln36_10_reg_3460                  |  64|  32|    1|          0|
    |select_ln36_11_reg_3464                  |  64|  32|    1|          0|
    |select_ln36_12_reg_3468                  |  64|  32|    1|          0|
    |select_ln36_13_reg_3472                  |  64|  32|    1|          0|
    |select_ln36_14_reg_3476                  |  64|  32|    1|          0|
    |select_ln36_15_reg_3480                  |  64|  32|    1|          0|
    |select_ln36_16_reg_3484                  |  64|  32|    1|          0|
    |select_ln36_17_reg_3488                  |  64|  32|    1|          0|
    |select_ln36_18_reg_3492                  |  64|  32|    1|          0|
    |select_ln36_2_reg_3412                   |  64|  32|    1|          0|
    |select_ln36_3_reg_3416                   |  64|  32|    6|          4|
    |select_ln36_4_reg_3436                   |  64|  32|    1|          0|
    |select_ln36_5_reg_3440                   |  64|  32|    1|          0|
    |select_ln36_6_reg_3444                   |  64|  32|    1|          0|
    |select_ln36_7_reg_3448                   |  64|  32|    1|          0|
    |select_ln36_8_reg_3452                   |  64|  32|    1|          0|
    |select_ln36_9_reg_3456                   |  64|  32|    1|          0|
    +-----------------------------------------+----+----+-----+-----------+
    |Total                                    |1804| 640|  575|         10|
    +-----------------------------------------+----+----+-----+-----------+



================================================================
== Interface
================================================================
* Summary: 
+-------------------------------+-----+-----+------------+----------------------+--------------+
|           RTL Ports           | Dir | Bits|  Protocol  |     Source Object    |    C Type    |
+-------------------------------+-----+-----+------------+----------------------+--------------+
|ap_clk                         |  in |    1| ap_ctrl_hs |    quant_and_pack    | return value |
|ap_rst                         |  in |    1| ap_ctrl_hs |    quant_and_pack    | return value |
|ap_start                       |  in |    1| ap_ctrl_hs |    quant_and_pack    | return value |
|ap_done                        | out |    1| ap_ctrl_hs |    quant_and_pack    | return value |
|ap_idle                        | out |    1| ap_ctrl_hs |    quant_and_pack    | return value |
|ap_ready                       | out |    1| ap_ctrl_hs |    quant_and_pack    | return value |
|prior_outputs_0_0_V_address0   | out |   11|  ap_memory |  prior_outputs_0_0_V |     array    |
|prior_outputs_0_0_V_ce0        | out |    1|  ap_memory |  prior_outputs_0_0_V |     array    |
|prior_outputs_0_0_V_q0         |  in |   16|  ap_memory |  prior_outputs_0_0_V |     array    |
|prior_outputs_0_1_V_address0   | out |   11|  ap_memory |  prior_outputs_0_1_V |     array    |
|prior_outputs_0_1_V_ce0        | out |    1|  ap_memory |  prior_outputs_0_1_V |     array    |
|prior_outputs_0_1_V_q0         |  in |   16|  ap_memory |  prior_outputs_0_1_V |     array    |
|prior_outputs_0_2_V_address0   | out |   11|  ap_memory |  prior_outputs_0_2_V |     array    |
|prior_outputs_0_2_V_ce0        | out |    1|  ap_memory |  prior_outputs_0_2_V |     array    |
|prior_outputs_0_2_V_q0         |  in |   16|  ap_memory |  prior_outputs_0_2_V |     array    |
|prior_outputs_0_3_V_address0   | out |   11|  ap_memory |  prior_outputs_0_3_V |     array    |
|prior_outputs_0_3_V_ce0        | out |    1|  ap_memory |  prior_outputs_0_3_V |     array    |
|prior_outputs_0_3_V_q0         |  in |   16|  ap_memory |  prior_outputs_0_3_V |     array    |
|prior_outputs_0_4_V_address0   | out |   11|  ap_memory |  prior_outputs_0_4_V |     array    |
|prior_outputs_0_4_V_ce0        | out |    1|  ap_memory |  prior_outputs_0_4_V |     array    |
|prior_outputs_0_4_V_q0         |  in |   16|  ap_memory |  prior_outputs_0_4_V |     array    |
|prior_outputs_0_5_V_address0   | out |   11|  ap_memory |  prior_outputs_0_5_V |     array    |
|prior_outputs_0_5_V_ce0        | out |    1|  ap_memory |  prior_outputs_0_5_V |     array    |
|prior_outputs_0_5_V_q0         |  in |   16|  ap_memory |  prior_outputs_0_5_V |     array    |
|prior_outputs_0_6_V_address0   | out |   11|  ap_memory |  prior_outputs_0_6_V |     array    |
|prior_outputs_0_6_V_ce0        | out |    1|  ap_memory |  prior_outputs_0_6_V |     array    |
|prior_outputs_0_6_V_q0         |  in |   16|  ap_memory |  prior_outputs_0_6_V |     array    |
|prior_outputs_0_7_V_address0   | out |   11|  ap_memory |  prior_outputs_0_7_V |     array    |
|prior_outputs_0_7_V_ce0        | out |    1|  ap_memory |  prior_outputs_0_7_V |     array    |
|prior_outputs_0_7_V_q0         |  in |   16|  ap_memory |  prior_outputs_0_7_V |     array    |
|prior_outputs_0_8_V_address0   | out |   11|  ap_memory |  prior_outputs_0_8_V |     array    |
|prior_outputs_0_8_V_ce0        | out |    1|  ap_memory |  prior_outputs_0_8_V |     array    |
|prior_outputs_0_8_V_q0         |  in |   16|  ap_memory |  prior_outputs_0_8_V |     array    |
|prior_outputs_0_9_V_address0   | out |   11|  ap_memory |  prior_outputs_0_9_V |     array    |
|prior_outputs_0_9_V_ce0        | out |    1|  ap_memory |  prior_outputs_0_9_V |     array    |
|prior_outputs_0_9_V_q0         |  in |   16|  ap_memory |  prior_outputs_0_9_V |     array    |
|prior_outputs_0_10_V_address0  | out |   11|  ap_memory | prior_outputs_0_10_V |     array    |
|prior_outputs_0_10_V_ce0       | out |    1|  ap_memory | prior_outputs_0_10_V |     array    |
|prior_outputs_0_10_V_q0        |  in |   16|  ap_memory | prior_outputs_0_10_V |     array    |
|prior_outputs_0_11_V_address0  | out |   11|  ap_memory | prior_outputs_0_11_V |     array    |
|prior_outputs_0_11_V_ce0       | out |    1|  ap_memory | prior_outputs_0_11_V |     array    |
|prior_outputs_0_11_V_q0        |  in |   16|  ap_memory | prior_outputs_0_11_V |     array    |
|prior_outputs_0_12_V_address0  | out |   11|  ap_memory | prior_outputs_0_12_V |     array    |
|prior_outputs_0_12_V_ce0       | out |    1|  ap_memory | prior_outputs_0_12_V |     array    |
|prior_outputs_0_12_V_q0        |  in |   16|  ap_memory | prior_outputs_0_12_V |     array    |
|prior_outputs_0_13_V_address0  | out |   11|  ap_memory | prior_outputs_0_13_V |     array    |
|prior_outputs_0_13_V_ce0       | out |    1|  ap_memory | prior_outputs_0_13_V |     array    |
|prior_outputs_0_13_V_q0        |  in |   16|  ap_memory | prior_outputs_0_13_V |     array    |
|prior_outputs_0_14_V_address0  | out |   11|  ap_memory | prior_outputs_0_14_V |     array    |
|prior_outputs_0_14_V_ce0       | out |    1|  ap_memory | prior_outputs_0_14_V |     array    |
|prior_outputs_0_14_V_q0        |  in |   16|  ap_memory | prior_outputs_0_14_V |     array    |
|prior_outputs_0_15_V_address0  | out |   11|  ap_memory | prior_outputs_0_15_V |     array    |
|prior_outputs_0_15_V_ce0       | out |    1|  ap_memory | prior_outputs_0_15_V |     array    |
|prior_outputs_0_15_V_q0        |  in |   16|  ap_memory | prior_outputs_0_15_V |     array    |
|prior_outputs_1_0_V_address0   | out |   11|  ap_memory |  prior_outputs_1_0_V |     array    |
|prior_outputs_1_0_V_ce0        | out |    1|  ap_memory |  prior_outputs_1_0_V |     array    |
|prior_outputs_1_0_V_q0         |  in |   16|  ap_memory |  prior_outputs_1_0_V |     array    |
|prior_outputs_1_1_V_address0   | out |   11|  ap_memory |  prior_outputs_1_1_V |     array    |
|prior_outputs_1_1_V_ce0        | out |    1|  ap_memory |  prior_outputs_1_1_V |     array    |
|prior_outputs_1_1_V_q0         |  in |   16|  ap_memory |  prior_outputs_1_1_V |     array    |
|prior_outputs_1_2_V_address0   | out |   11|  ap_memory |  prior_outputs_1_2_V |     array    |
|prior_outputs_1_2_V_ce0        | out |    1|  ap_memory |  prior_outputs_1_2_V |     array    |
|prior_outputs_1_2_V_q0         |  in |   16|  ap_memory |  prior_outputs_1_2_V |     array    |
|prior_outputs_1_3_V_address0   | out |   11|  ap_memory |  prior_outputs_1_3_V |     array    |
|prior_outputs_1_3_V_ce0        | out |    1|  ap_memory |  prior_outputs_1_3_V |     array    |
|prior_outputs_1_3_V_q0         |  in |   16|  ap_memory |  prior_outputs_1_3_V |     array    |
|prior_outputs_1_4_V_address0   | out |   11|  ap_memory |  prior_outputs_1_4_V |     array    |
|prior_outputs_1_4_V_ce0        | out |    1|  ap_memory |  prior_outputs_1_4_V |     array    |
|prior_outputs_1_4_V_q0         |  in |   16|  ap_memory |  prior_outputs_1_4_V |     array    |
|prior_outputs_1_5_V_address0   | out |   11|  ap_memory |  prior_outputs_1_5_V |     array    |
|prior_outputs_1_5_V_ce0        | out |    1|  ap_memory |  prior_outputs_1_5_V |     array    |
|prior_outputs_1_5_V_q0         |  in |   16|  ap_memory |  prior_outputs_1_5_V |     array    |
|prior_outputs_1_6_V_address0   | out |   11|  ap_memory |  prior_outputs_1_6_V |     array    |
|prior_outputs_1_6_V_ce0        | out |    1|  ap_memory |  prior_outputs_1_6_V |     array    |
|prior_outputs_1_6_V_q0         |  in |   16|  ap_memory |  prior_outputs_1_6_V |     array    |
|prior_outputs_1_7_V_address0   | out |   11|  ap_memory |  prior_outputs_1_7_V |     array    |
|prior_outputs_1_7_V_ce0        | out |    1|  ap_memory |  prior_outputs_1_7_V |     array    |
|prior_outputs_1_7_V_q0         |  in |   16|  ap_memory |  prior_outputs_1_7_V |     array    |
|prior_outputs_1_8_V_address0   | out |   11|  ap_memory |  prior_outputs_1_8_V |     array    |
|prior_outputs_1_8_V_ce0        | out |    1|  ap_memory |  prior_outputs_1_8_V |     array    |
|prior_outputs_1_8_V_q0         |  in |   16|  ap_memory |  prior_outputs_1_8_V |     array    |
|prior_outputs_1_9_V_address0   | out |   11|  ap_memory |  prior_outputs_1_9_V |     array    |
|prior_outputs_1_9_V_ce0        | out |    1|  ap_memory |  prior_outputs_1_9_V |     array    |
|prior_outputs_1_9_V_q0         |  in |   16|  ap_memory |  prior_outputs_1_9_V |     array    |
|prior_outputs_1_10_V_address0  | out |   11|  ap_memory | prior_outputs_1_10_V |     array    |
|prior_outputs_1_10_V_ce0       | out |    1|  ap_memory | prior_outputs_1_10_V |     array    |
|prior_outputs_1_10_V_q0        |  in |   16|  ap_memory | prior_outputs_1_10_V |     array    |
|prior_outputs_1_11_V_address0  | out |   11|  ap_memory | prior_outputs_1_11_V |     array    |
|prior_outputs_1_11_V_ce0       | out |    1|  ap_memory | prior_outputs_1_11_V |     array    |
|prior_outputs_1_11_V_q0        |  in |   16|  ap_memory | prior_outputs_1_11_V |     array    |
|prior_outputs_1_12_V_address0  | out |   11|  ap_memory | prior_outputs_1_12_V |     array    |
|prior_outputs_1_12_V_ce0       | out |    1|  ap_memory | prior_outputs_1_12_V |     array    |
|prior_outputs_1_12_V_q0        |  in |   16|  ap_memory | prior_outputs_1_12_V |     array    |
|prior_outputs_1_13_V_address0  | out |   11|  ap_memory | prior_outputs_1_13_V |     array    |
|prior_outputs_1_13_V_ce0       | out |    1|  ap_memory | prior_outputs_1_13_V |     array    |
|prior_outputs_1_13_V_q0        |  in |   16|  ap_memory | prior_outputs_1_13_V |     array    |
|prior_outputs_1_14_V_address0  | out |   11|  ap_memory | prior_outputs_1_14_V |     array    |
|prior_outputs_1_14_V_ce0       | out |    1|  ap_memory | prior_outputs_1_14_V |     array    |
|prior_outputs_1_14_V_q0        |  in |   16|  ap_memory | prior_outputs_1_14_V |     array    |
|prior_outputs_1_15_V_address0  | out |   11|  ap_memory | prior_outputs_1_15_V |     array    |
|prior_outputs_1_15_V_ce0       | out |    1|  ap_memory | prior_outputs_1_15_V |     array    |
|prior_outputs_1_15_V_q0        |  in |   16|  ap_memory | prior_outputs_1_15_V |     array    |
|prior_outputs_2_0_V_address0   | out |   11|  ap_memory |  prior_outputs_2_0_V |     array    |
|prior_outputs_2_0_V_ce0        | out |    1|  ap_memory |  prior_outputs_2_0_V |     array    |
|prior_outputs_2_0_V_q0         |  in |   16|  ap_memory |  prior_outputs_2_0_V |     array    |
|prior_outputs_2_1_V_address0   | out |   11|  ap_memory |  prior_outputs_2_1_V |     array    |
|prior_outputs_2_1_V_ce0        | out |    1|  ap_memory |  prior_outputs_2_1_V |     array    |
|prior_outputs_2_1_V_q0         |  in |   16|  ap_memory |  prior_outputs_2_1_V |     array    |
|prior_outputs_2_2_V_address0   | out |   11|  ap_memory |  prior_outputs_2_2_V |     array    |
|prior_outputs_2_2_V_ce0        | out |    1|  ap_memory |  prior_outputs_2_2_V |     array    |
|prior_outputs_2_2_V_q0         |  in |   16|  ap_memory |  prior_outputs_2_2_V |     array    |
|prior_outputs_2_3_V_address0   | out |   11|  ap_memory |  prior_outputs_2_3_V |     array    |
|prior_outputs_2_3_V_ce0        | out |    1|  ap_memory |  prior_outputs_2_3_V |     array    |
|prior_outputs_2_3_V_q0         |  in |   16|  ap_memory |  prior_outputs_2_3_V |     array    |
|prior_outputs_2_4_V_address0   | out |   11|  ap_memory |  prior_outputs_2_4_V |     array    |
|prior_outputs_2_4_V_ce0        | out |    1|  ap_memory |  prior_outputs_2_4_V |     array    |
|prior_outputs_2_4_V_q0         |  in |   16|  ap_memory |  prior_outputs_2_4_V |     array    |
|prior_outputs_2_5_V_address0   | out |   11|  ap_memory |  prior_outputs_2_5_V |     array    |
|prior_outputs_2_5_V_ce0        | out |    1|  ap_memory |  prior_outputs_2_5_V |     array    |
|prior_outputs_2_5_V_q0         |  in |   16|  ap_memory |  prior_outputs_2_5_V |     array    |
|prior_outputs_2_6_V_address0   | out |   11|  ap_memory |  prior_outputs_2_6_V |     array    |
|prior_outputs_2_6_V_ce0        | out |    1|  ap_memory |  prior_outputs_2_6_V |     array    |
|prior_outputs_2_6_V_q0         |  in |   16|  ap_memory |  prior_outputs_2_6_V |     array    |
|prior_outputs_2_7_V_address0   | out |   11|  ap_memory |  prior_outputs_2_7_V |     array    |
|prior_outputs_2_7_V_ce0        | out |    1|  ap_memory |  prior_outputs_2_7_V |     array    |
|prior_outputs_2_7_V_q0         |  in |   16|  ap_memory |  prior_outputs_2_7_V |     array    |
|prior_outputs_2_8_V_address0   | out |   11|  ap_memory |  prior_outputs_2_8_V |     array    |
|prior_outputs_2_8_V_ce0        | out |    1|  ap_memory |  prior_outputs_2_8_V |     array    |
|prior_outputs_2_8_V_q0         |  in |   16|  ap_memory |  prior_outputs_2_8_V |     array    |
|prior_outputs_2_9_V_address0   | out |   11|  ap_memory |  prior_outputs_2_9_V |     array    |
|prior_outputs_2_9_V_ce0        | out |    1|  ap_memory |  prior_outputs_2_9_V |     array    |
|prior_outputs_2_9_V_q0         |  in |   16|  ap_memory |  prior_outputs_2_9_V |     array    |
|prior_outputs_2_10_V_address0  | out |   11|  ap_memory | prior_outputs_2_10_V |     array    |
|prior_outputs_2_10_V_ce0       | out |    1|  ap_memory | prior_outputs_2_10_V |     array    |
|prior_outputs_2_10_V_q0        |  in |   16|  ap_memory | prior_outputs_2_10_V |     array    |
|prior_outputs_2_11_V_address0  | out |   11|  ap_memory | prior_outputs_2_11_V |     array    |
|prior_outputs_2_11_V_ce0       | out |    1|  ap_memory | prior_outputs_2_11_V |     array    |
|prior_outputs_2_11_V_q0        |  in |   16|  ap_memory | prior_outputs_2_11_V |     array    |
|prior_outputs_2_12_V_address0  | out |   11|  ap_memory | prior_outputs_2_12_V |     array    |
|prior_outputs_2_12_V_ce0       | out |    1|  ap_memory | prior_outputs_2_12_V |     array    |
|prior_outputs_2_12_V_q0        |  in |   16|  ap_memory | prior_outputs_2_12_V |     array    |
|prior_outputs_2_13_V_address0  | out |   11|  ap_memory | prior_outputs_2_13_V |     array    |
|prior_outputs_2_13_V_ce0       | out |    1|  ap_memory | prior_outputs_2_13_V |     array    |
|prior_outputs_2_13_V_q0        |  in |   16|  ap_memory | prior_outputs_2_13_V |     array    |
|prior_outputs_2_14_V_address0  | out |   11|  ap_memory | prior_outputs_2_14_V |     array    |
|prior_outputs_2_14_V_ce0       | out |    1|  ap_memory | prior_outputs_2_14_V |     array    |
|prior_outputs_2_14_V_q0        |  in |   16|  ap_memory | prior_outputs_2_14_V |     array    |
|prior_outputs_2_15_V_address0  | out |   11|  ap_memory | prior_outputs_2_15_V |     array    |
|prior_outputs_2_15_V_ce0       | out |    1|  ap_memory | prior_outputs_2_15_V |     array    |
|prior_outputs_2_15_V_q0        |  in |   16|  ap_memory | prior_outputs_2_15_V |     array    |
|prior_outputs_3_0_V_address0   | out |   11|  ap_memory |  prior_outputs_3_0_V |     array    |
|prior_outputs_3_0_V_ce0        | out |    1|  ap_memory |  prior_outputs_3_0_V |     array    |
|prior_outputs_3_0_V_q0         |  in |   16|  ap_memory |  prior_outputs_3_0_V |     array    |
|prior_outputs_3_1_V_address0   | out |   11|  ap_memory |  prior_outputs_3_1_V |     array    |
|prior_outputs_3_1_V_ce0        | out |    1|  ap_memory |  prior_outputs_3_1_V |     array    |
|prior_outputs_3_1_V_q0         |  in |   16|  ap_memory |  prior_outputs_3_1_V |     array    |
|prior_outputs_3_2_V_address0   | out |   11|  ap_memory |  prior_outputs_3_2_V |     array    |
|prior_outputs_3_2_V_ce0        | out |    1|  ap_memory |  prior_outputs_3_2_V |     array    |
|prior_outputs_3_2_V_q0         |  in |   16|  ap_memory |  prior_outputs_3_2_V |     array    |
|prior_outputs_3_3_V_address0   | out |   11|  ap_memory |  prior_outputs_3_3_V |     array    |
|prior_outputs_3_3_V_ce0        | out |    1|  ap_memory |  prior_outputs_3_3_V |     array    |
|prior_outputs_3_3_V_q0         |  in |   16|  ap_memory |  prior_outputs_3_3_V |     array    |
|prior_outputs_3_4_V_address0   | out |   11|  ap_memory |  prior_outputs_3_4_V |     array    |
|prior_outputs_3_4_V_ce0        | out |    1|  ap_memory |  prior_outputs_3_4_V |     array    |
|prior_outputs_3_4_V_q0         |  in |   16|  ap_memory |  prior_outputs_3_4_V |     array    |
|prior_outputs_3_5_V_address0   | out |   11|  ap_memory |  prior_outputs_3_5_V |     array    |
|prior_outputs_3_5_V_ce0        | out |    1|  ap_memory |  prior_outputs_3_5_V |     array    |
|prior_outputs_3_5_V_q0         |  in |   16|  ap_memory |  prior_outputs_3_5_V |     array    |
|prior_outputs_3_6_V_address0   | out |   11|  ap_memory |  prior_outputs_3_6_V |     array    |
|prior_outputs_3_6_V_ce0        | out |    1|  ap_memory |  prior_outputs_3_6_V |     array    |
|prior_outputs_3_6_V_q0         |  in |   16|  ap_memory |  prior_outputs_3_6_V |     array    |
|prior_outputs_3_7_V_address0   | out |   11|  ap_memory |  prior_outputs_3_7_V |     array    |
|prior_outputs_3_7_V_ce0        | out |    1|  ap_memory |  prior_outputs_3_7_V |     array    |
|prior_outputs_3_7_V_q0         |  in |   16|  ap_memory |  prior_outputs_3_7_V |     array    |
|prior_outputs_3_8_V_address0   | out |   11|  ap_memory |  prior_outputs_3_8_V |     array    |
|prior_outputs_3_8_V_ce0        | out |    1|  ap_memory |  prior_outputs_3_8_V |     array    |
|prior_outputs_3_8_V_q0         |  in |   16|  ap_memory |  prior_outputs_3_8_V |     array    |
|prior_outputs_3_9_V_address0   | out |   11|  ap_memory |  prior_outputs_3_9_V |     array    |
|prior_outputs_3_9_V_ce0        | out |    1|  ap_memory |  prior_outputs_3_9_V |     array    |
|prior_outputs_3_9_V_q0         |  in |   16|  ap_memory |  prior_outputs_3_9_V |     array    |
|prior_outputs_3_10_V_address0  | out |   11|  ap_memory | prior_outputs_3_10_V |     array    |
|prior_outputs_3_10_V_ce0       | out |    1|  ap_memory | prior_outputs_3_10_V |     array    |
|prior_outputs_3_10_V_q0        |  in |   16|  ap_memory | prior_outputs_3_10_V |     array    |
|prior_outputs_3_11_V_address0  | out |   11|  ap_memory | prior_outputs_3_11_V |     array    |
|prior_outputs_3_11_V_ce0       | out |    1|  ap_memory | prior_outputs_3_11_V |     array    |
|prior_outputs_3_11_V_q0        |  in |   16|  ap_memory | prior_outputs_3_11_V |     array    |
|prior_outputs_3_12_V_address0  | out |   11|  ap_memory | prior_outputs_3_12_V |     array    |
|prior_outputs_3_12_V_ce0       | out |    1|  ap_memory | prior_outputs_3_12_V |     array    |
|prior_outputs_3_12_V_q0        |  in |   16|  ap_memory | prior_outputs_3_12_V |     array    |
|prior_outputs_3_13_V_address0  | out |   11|  ap_memory | prior_outputs_3_13_V |     array    |
|prior_outputs_3_13_V_ce0       | out |    1|  ap_memory | prior_outputs_3_13_V |     array    |
|prior_outputs_3_13_V_q0        |  in |   16|  ap_memory | prior_outputs_3_13_V |     array    |
|prior_outputs_3_14_V_address0  | out |   11|  ap_memory | prior_outputs_3_14_V |     array    |
|prior_outputs_3_14_V_ce0       | out |    1|  ap_memory | prior_outputs_3_14_V |     array    |
|prior_outputs_3_14_V_q0        |  in |   16|  ap_memory | prior_outputs_3_14_V |     array    |
|prior_outputs_3_15_V_address0  | out |   11|  ap_memory | prior_outputs_3_15_V |     array    |
|prior_outputs_3_15_V_ce0       | out |    1|  ap_memory | prior_outputs_3_15_V |     array    |
|prior_outputs_3_15_V_q0        |  in |   16|  ap_memory | prior_outputs_3_15_V |     array    |
|msb_buffer_0_V_address0        | out |   11|  ap_memory |    msb_buffer_0_V    |     array    |
|msb_buffer_0_V_ce0             | out |    1|  ap_memory |    msb_buffer_0_V    |     array    |
|msb_buffer_0_V_q0              |  in |   64|  ap_memory |    msb_buffer_0_V    |     array    |
|msb_buffer_0_V_address1        | out |   11|  ap_memory |    msb_buffer_0_V    |     array    |
|msb_buffer_0_V_ce1             | out |    1|  ap_memory |    msb_buffer_0_V    |     array    |
|msb_buffer_0_V_we1             | out |    1|  ap_memory |    msb_buffer_0_V    |     array    |
|msb_buffer_0_V_d1              | out |   64|  ap_memory |    msb_buffer_0_V    |     array    |
|msb_buffer_1_V_address0        | out |   11|  ap_memory |    msb_buffer_1_V    |     array    |
|msb_buffer_1_V_ce0             | out |    1|  ap_memory |    msb_buffer_1_V    |     array    |
|msb_buffer_1_V_q0              |  in |   64|  ap_memory |    msb_buffer_1_V    |     array    |
|msb_buffer_1_V_address1        | out |   11|  ap_memory |    msb_buffer_1_V    |     array    |
|msb_buffer_1_V_ce1             | out |    1|  ap_memory |    msb_buffer_1_V    |     array    |
|msb_buffer_1_V_we1             | out |    1|  ap_memory |    msb_buffer_1_V    |     array    |
|msb_buffer_1_V_d1              | out |   64|  ap_memory |    msb_buffer_1_V    |     array    |
|H_fmap                         |  in |    7|   ap_none  |        H_fmap        |    scalar    |
|in_channels                    |  in |    8|   ap_none  |      in_channels     |    scalar    |
+-------------------------------+-----+-----+------------+----------------------+--------------+

