

================================================================
== Vivado HLS Report for 'to2bit'
================================================================
* Date:           Thu Feb  5 03:32:40 2026

* Version:        2019.2 (Build 2704478 on Wed Nov 06 22:10:23 MST 2019)
* Project:        bnn.prj
* Solution:       solution1
* Product family: zynquplus
* Target device:  xczu3eg-sbva484-1-e


================================================================
== Performance Estimates
================================================================
+ Timing: 
    * Summary: 
    +--------+---------+----------+------------+
    |  Clock |  Target | Estimated| Uncertainty|
    +--------+---------+----------+------------+
    |ap_clk  | 4.00 ns | 3.436 ns |   0.50 ns  |
    +--------+---------+----------+------------+

+ Latency: 
    * Summary: 
    +---------+---------+----------+----------+-----+-----+----------+
    |  Latency (cycles) |  Latency (absolute) |  Interval | Pipeline |
    |   min   |   max   |    min   |    max   | min | max |   Type   |
    +---------+---------+----------+----------+-----+-----+----------+
    |        1|        1| 4.000 ns | 4.000 ns |    1|    1| function |
    +---------+---------+----------+----------+-----+-----+----------+

    + Detail: 
        * Instance: 
        N/A

        * Loop: 
        N/A



================================================================
== Utilization Estimates
================================================================
* Summary: 
+-----------------+---------+-------+--------+-------+-----+
|       Name      | BRAM_18K| DSP48E|   FF   |  LUT  | URAM|
+-----------------+---------+-------+--------+-------+-----+
|DSP              |        -|      -|       -|      -|    -|
|Expression       |        -|      -|       0|    122|    -|
|FIFO             |        -|      -|       -|      -|    -|
|Instance         |        -|      -|       -|      -|    -|
|Memory           |        -|      -|       -|      -|    -|
|Multiplexer      |        -|      -|       -|      -|    -|
|Register         |        -|      -|       5|      -|    -|
+-----------------+---------+-------+--------+-------+-----+
|Total            |        0|      0|       5|    122|    0|
+-----------------+---------+-------+--------+-------+-----+
|Available        |      432|    360|  141120|  70560|    0|
+-----------------+---------+-------+--------+-------+-----+
|Utilization (%)  |        0|      0|   ~0   |   ~0  |    0|
+-----------------+---------+-------+--------+-------+-----+

+ Detail: 
    * Instance: 
    N/A

    * DSP48E: 
    N/A

    * Memory: 
    N/A

    * FIFO: 
    N/A

    * Expression: 
    +----------------------------+----------+-------+---+----+------------+------------+
    |        Variable Name       | Operation| DSP48E| FF| LUT| Bitwidth P0| Bitwidth P1|
    +----------------------------+----------+-------+---+----+------------+------------+
    |ret_V_fu_52_p2              |     +    |      0|  0|  24|           8|          17|
    |temp_V_1_fu_122_p2          |     +    |      0|  0|   9|           2|           2|
    |r_V_fu_78_p2                |     -    |      0|  0|  33|          26|          26|
    |and_ln340_fu_215_p2         |    and   |      0|  0|   2|           1|           1|
    |and_ln781_fu_178_p2         |    and   |      0|  0|   2|           1|           1|
    |carry_1_fu_142_p2           |    and   |      0|  0|   2|           1|           1|
    |neg_src_fu_195_p2           |    and   |      0|  0|   2|           1|           1|
    |Range1_all_ones_fu_158_p2   |   icmp   |      0|  0|  13|           9|           2|
    |Range1_all_zeros_fu_164_p2  |   icmp   |      0|  0|  13|           9|           1|
    |or_ln340_1_fu_210_p2        |    or    |      0|  0|   2|           1|           1|
    |or_ln340_fu_220_p2          |    or    |      0|  0|   2|           1|           1|
    |or_ln785_fu_184_p2          |    or    |      0|  0|   2|           1|           1|
    |ap_return                   |  select  |      0|  0|   2|           1|           2|
    |deleted_zeros_fu_170_p3     |  select  |      0|  0|   2|           1|           1|
    |select_ln340_fu_226_p3      |  select  |      0|  0|   2|           1|           2|
    |select_ln396_fu_233_p3      |  select  |      0|  0|   2|           1|           1|
    |overflow_fu_200_p2          |    xor   |      0|  0|   2|           1|           2|
    |xor_ln340_fu_205_p2         |    xor   |      0|  0|   2|           1|           2|
    |xor_ln416_fu_136_p2         |    xor   |      0|  0|   2|           1|           2|
    |xor_ln781_fu_190_p2         |    xor   |      0|  0|   2|           2|           1|
    +----------------------------+----------+-------+---+----+------------+------------+
    |Total                       |          |      0|  0| 122|          70|          68|
    +----------------------------+----------+-------+---+----+------------+------------+

    * Multiplexer: 
    N/A

    * Register: 
    +--------------------+---+----+-----+-----------+
    |        Name        | FF| LUT| Bits| Const Bits|
    +--------------------+---+----+-----+-----------+
    |and_ln781_reg_260   |  1|   0|    1|          0|
    |or_ln785_reg_266    |  1|   0|    1|          0|
    |p_Result_s_reg_248  |  1|   0|    1|          0|
    |temp_V_1_reg_254    |  2|   0|    2|          0|
    +--------------------+---+----+-----+-----------+
    |Total               |  5|   0|    5|          0|
    +--------------------+---+----+-----+-----------+



================================================================
== Interface
================================================================
* Summary: 
+-----------+-----+-----+------------+--------------+--------------+
| RTL Ports | Dir | Bits|  Protocol  | Source Object|    C Type    |
+-----------+-----+-----+------------+--------------+--------------+
|ap_clk     |  in |    1| ap_ctrl_hs |    to2bit    | return value |
|ap_rst     |  in |    1| ap_ctrl_hs |    to2bit    | return value |
|ap_return  | out |    2| ap_ctrl_hs |    to2bit    | return value |
|x_V        |  in |   16|   ap_none  |      x_V     |    scalar    |
+-----------+-----+-----+------------+--------------+--------------+

