

================================================================
== Vivado HLS Report for 'compute_engine_64'
================================================================
* Date:           Thu Feb  5 03:28:57 2026

* Version:        2019.2 (Build 2704478 on Wed Nov 06 22:10:23 MST 2019)
* Project:        bnn.prj
* Solution:       solution1
* Product family: zynquplus
* Target device:  xczu3eg-sbva484-1-e


================================================================
== Performance Estimates
================================================================
+ Timing: 
    * Summary: 
    +--------+---------+----------+------------+
    |  Clock |  Target | Estimated| Uncertainty|
    +--------+---------+----------+------------+
    |ap_clk  | 4.00 ns | 4.346 ns |   0.50 ns  |
    +--------+---------+----------+------------+

+ Latency: 
    * Summary: 
    +---------+---------+----------+----------+-----+-----+----------+
    |  Latency (cycles) |  Latency (absolute) |  Interval | Pipeline |
    |   min   |   max   |    min   |    max   | min | max |   Type   |
    +---------+---------+----------+----------+-----+-----+----------+
    |        1|        1| 4.346 ns | 4.346 ns |    1|    1| function |
    +---------+---------+----------+----------+-----+-----+----------+

    + Detail: 
        * Instance: 
        N/A

        * Loop: 
        N/A

============================================================
+ Verbose Summary: Synthesis Manager
============================================================
InlineROM: 1
ExposeGlobal: 0
============================================================
+ Verbose Summary: CDFG Model
============================================================
IsTopModel: 0
ResetActiveHigh: 1
IsCombinational: 0
IsDatapathOnly: 0
HasWiredReturn: 1
HasMFsm: 2
HasVarLatency: 0
IsPipeline: 1
IsRtlPipelined: 1
IsInstanceOverlapped: 0
IsDontTouch: 0
HasImplIP: 0
IsGatedGlobalClock: 0

+ Individual pipeline summary: 
  * Pipeline-0: initiation interval (II) = 1, depth = 2


============================================================
+ Verbose Summary: Schedule
============================================================
* Number of FSM states : 2
* Pipeline : 1
  Pipeline-0 : II = 1, D = 2, States = { 1 2 }
* Dataflow Pipeline: 0

* FSM state transitions: 
1 --> 2 
2 --> 

* FSM state operations: 

State 1 <SV = 0> <Delay = 4.34>
ST_1 : Operation 3 [1/1] (0.00ns)   --->   "%w_V_read = call i64 @_ssdm_op_Read.ap_auto.i64(i64 %w_V)" [./pgconv.h:28]   --->   Operation 3 'read' 'w_V_read' <Predicate = true> <Delay = 0.00>
ST_1 : Operation 4 [1/1] (0.00ns)   --->   "%b_V_read = call i64 @_ssdm_op_Read.ap_auto.i64(i64 %b_V)" [./pgconv.h:28]   --->   Operation 4 'read' 'b_V_read' <Predicate = true> <Delay = 0.00>
ST_1 : Operation 5 [1/1] (0.44ns)   --->   "%ret_V_5 = xor i64 %w_V_read, %b_V_read" [./pgconv.h:28]   --->   Operation 5 'xor' 'ret_V_5' <Predicate = true> <Delay = 0.44> <Core = "LogicGate">   --->   Core 27 'LogicGate' <Latency = 0> <II = 1> <Delay = 0.44> <FuncUnit> <Opcode : 'and' 'or' 'xor'> <InPorts = 2> <OutPorts = 1>
ST_1 : Operation 6 [1/1] (0.00ns)   --->   "%tmp = call i1 @_ssdm_op_BitSelect.i1.i64.i32(i64 %ret_V_5, i32 63)" [./pgconv.h:30]   --->   Operation 6 'bitselect' 'tmp' <Predicate = true> <Delay = 0.00>
ST_1 : Operation 7 [1/1] (0.00ns)   --->   "%tmp_141 = call i1 @_ssdm_op_BitSelect.i1.i64.i32(i64 %ret_V_5, i32 61)" [./pgconv.h:30]   --->   Operation 7 'bitselect' 'tmp_141' <Predicate = true> <Delay = 0.00>
ST_1 : Operation 8 [1/1] (0.00ns)   --->   "%tmp_142 = call i1 @_ssdm_op_BitSelect.i1.i64.i32(i64 %ret_V_5, i32 59)" [./pgconv.h:30]   --->   Operation 8 'bitselect' 'tmp_142' <Predicate = true> <Delay = 0.00>
ST_1 : Operation 9 [1/1] (0.00ns)   --->   "%tmp_143 = call i1 @_ssdm_op_BitSelect.i1.i64.i32(i64 %ret_V_5, i32 57)" [./pgconv.h:30]   --->   Operation 9 'bitselect' 'tmp_143' <Predicate = true> <Delay = 0.00>
ST_1 : Operation 10 [1/1] (0.00ns)   --->   "%tmp_144 = call i1 @_ssdm_op_BitSelect.i1.i64.i32(i64 %ret_V_5, i32 55)" [./pgconv.h:30]   --->   Operation 10 'bitselect' 'tmp_144' <Predicate = true> <Delay = 0.00>
ST_1 : Operation 11 [1/1] (0.00ns)   --->   "%tmp_145 = call i1 @_ssdm_op_BitSelect.i1.i64.i32(i64 %ret_V_5, i32 53)" [./pgconv.h:30]   --->   Operation 11 'bitselect' 'tmp_145' <Predicate = true> <Delay = 0.00>
ST_1 : Operation 12 [1/1] (0.00ns)   --->   "%tmp_146 = call i1 @_ssdm_op_BitSelect.i1.i64.i32(i64 %ret_V_5, i32 51)" [./pgconv.h:30]   --->   Operation 12 'bitselect' 'tmp_146' <Predicate = true> <Delay = 0.00>
ST_1 : Operation 13 [1/1] (0.00ns)   --->   "%tmp_147 = call i1 @_ssdm_op_BitSelect.i1.i64.i32(i64 %ret_V_5, i32 49)" [./pgconv.h:30]   --->   Operation 13 'bitselect' 'tmp_147' <Predicate = true> <Delay = 0.00>
ST_1 : Operation 14 [1/1] (0.00ns)   --->   "%tmp_148 = call i1 @_ssdm_op_BitSelect.i1.i64.i32(i64 %ret_V_5, i32 47)" [./pgconv.h:30]   --->   Operation 14 'bitselect' 'tmp_148' <Predicate = true> <Delay = 0.00>
ST_1 : Operation 15 [1/1] (0.00ns)   --->   "%tmp_149 = call i1 @_ssdm_op_BitSelect.i1.i64.i32(i64 %ret_V_5, i32 45)" [./pgconv.h:30]   --->   Operation 15 'bitselect' 'tmp_149' <Predicate = true> <Delay = 0.00>
ST_1 : Operation 16 [1/1] (0.00ns)   --->   "%tmp_150 = call i1 @_ssdm_op_BitSelect.i1.i64.i32(i64 %ret_V_5, i32 43)" [./pgconv.h:30]   --->   Operation 16 'bitselect' 'tmp_150' <Predicate = true> <Delay = 0.00>
ST_1 : Operation 17 [1/1] (0.00ns)   --->   "%tmp_151 = call i1 @_ssdm_op_BitSelect.i1.i64.i32(i64 %ret_V_5, i32 41)" [./pgconv.h:30]   --->   Operation 17 'bitselect' 'tmp_151' <Predicate = true> <Delay = 0.00>
ST_1 : Operation 18 [1/1] (0.00ns)   --->   "%tmp_152 = call i1 @_ssdm_op_BitSelect.i1.i64.i32(i64 %ret_V_5, i32 39)" [./pgconv.h:30]   --->   Operation 18 'bitselect' 'tmp_152' <Predicate = true> <Delay = 0.00>
ST_1 : Operation 19 [1/1] (0.00ns)   --->   "%tmp_153 = call i1 @_ssdm_op_BitSelect.i1.i64.i32(i64 %ret_V_5, i32 37)" [./pgconv.h:30]   --->   Operation 19 'bitselect' 'tmp_153' <Predicate = true> <Delay = 0.00>
ST_1 : Operation 20 [1/1] (0.00ns)   --->   "%tmp_154 = call i1 @_ssdm_op_BitSelect.i1.i64.i32(i64 %ret_V_5, i32 35)" [./pgconv.h:30]   --->   Operation 20 'bitselect' 'tmp_154' <Predicate = true> <Delay = 0.00>
ST_1 : Operation 21 [1/1] (0.00ns)   --->   "%tmp_155 = call i1 @_ssdm_op_BitSelect.i1.i64.i32(i64 %ret_V_5, i32 33)" [./pgconv.h:30]   --->   Operation 21 'bitselect' 'tmp_155' <Predicate = true> <Delay = 0.00>
ST_1 : Operation 22 [1/1] (0.00ns)   --->   "%tmp_156 = call i1 @_ssdm_op_BitSelect.i1.i64.i32(i64 %ret_V_5, i32 31)" [./pgconv.h:30]   --->   Operation 22 'bitselect' 'tmp_156' <Predicate = true> <Delay = 0.00>
ST_1 : Operation 23 [1/1] (0.00ns)   --->   "%tmp_157 = call i1 @_ssdm_op_BitSelect.i1.i64.i32(i64 %ret_V_5, i32 29)" [./pgconv.h:30]   --->   Operation 23 'bitselect' 'tmp_157' <Predicate = true> <Delay = 0.00>
ST_1 : Operation 24 [1/1] (0.00ns)   --->   "%tmp_158 = call i1 @_ssdm_op_BitSelect.i1.i64.i32(i64 %ret_V_5, i32 27)" [./pgconv.h:30]   --->   Operation 24 'bitselect' 'tmp_158' <Predicate = true> <Delay = 0.00>
ST_1 : Operation 25 [1/1] (0.00ns)   --->   "%tmp_159 = call i1 @_ssdm_op_BitSelect.i1.i64.i32(i64 %ret_V_5, i32 25)" [./pgconv.h:30]   --->   Operation 25 'bitselect' 'tmp_159' <Predicate = true> <Delay = 0.00>
ST_1 : Operation 26 [1/1] (0.00ns)   --->   "%tmp_160 = call i1 @_ssdm_op_BitSelect.i1.i64.i32(i64 %ret_V_5, i32 23)" [./pgconv.h:30]   --->   Operation 26 'bitselect' 'tmp_160' <Predicate = true> <Delay = 0.00>
ST_1 : Operation 27 [1/1] (0.00ns)   --->   "%tmp_161 = call i1 @_ssdm_op_BitSelect.i1.i64.i32(i64 %ret_V_5, i32 21)" [./pgconv.h:30]   --->   Operation 27 'bitselect' 'tmp_161' <Predicate = true> <Delay = 0.00>
ST_1 : Operation 28 [1/1] (0.00ns)   --->   "%tmp_162 = call i1 @_ssdm_op_BitSelect.i1.i64.i32(i64 %ret_V_5, i32 19)" [./pgconv.h:30]   --->   Operation 28 'bitselect' 'tmp_162' <Predicate = true> <Delay = 0.00>
ST_1 : Operation 29 [1/1] (0.00ns)   --->   "%tmp_163 = call i1 @_ssdm_op_BitSelect.i1.i64.i32(i64 %ret_V_5, i32 17)" [./pgconv.h:30]   --->   Operation 29 'bitselect' 'tmp_163' <Predicate = true> <Delay = 0.00>
ST_1 : Operation 30 [1/1] (0.00ns)   --->   "%tmp_164 = call i1 @_ssdm_op_BitSelect.i1.i64.i32(i64 %ret_V_5, i32 15)" [./pgconv.h:30]   --->   Operation 30 'bitselect' 'tmp_164' <Predicate = true> <Delay = 0.00>
ST_1 : Operation 31 [1/1] (0.00ns)   --->   "%tmp_165 = call i1 @_ssdm_op_BitSelect.i1.i64.i32(i64 %ret_V_5, i32 13)" [./pgconv.h:30]   --->   Operation 31 'bitselect' 'tmp_165' <Predicate = true> <Delay = 0.00>
ST_1 : Operation 32 [1/1] (0.00ns)   --->   "%tmp_166 = call i1 @_ssdm_op_BitSelect.i1.i64.i32(i64 %ret_V_5, i32 11)" [./pgconv.h:30]   --->   Operation 32 'bitselect' 'tmp_166' <Predicate = true> <Delay = 0.00>
ST_1 : Operation 33 [1/1] (0.00ns)   --->   "%tmp_167 = call i1 @_ssdm_op_BitSelect.i1.i64.i32(i64 %ret_V_5, i32 9)" [./pgconv.h:30]   --->   Operation 33 'bitselect' 'tmp_167' <Predicate = true> <Delay = 0.00>
ST_1 : Operation 34 [1/1] (0.00ns)   --->   "%tmp_168 = call i1 @_ssdm_op_BitSelect.i1.i64.i32(i64 %ret_V_5, i32 7)" [./pgconv.h:30]   --->   Operation 34 'bitselect' 'tmp_168' <Predicate = true> <Delay = 0.00>
ST_1 : Operation 35 [1/1] (0.00ns)   --->   "%tmp_169 = call i1 @_ssdm_op_BitSelect.i1.i64.i32(i64 %ret_V_5, i32 5)" [./pgconv.h:30]   --->   Operation 35 'bitselect' 'tmp_169' <Predicate = true> <Delay = 0.00>
ST_1 : Operation 36 [1/1] (0.00ns)   --->   "%tmp_170 = call i1 @_ssdm_op_BitSelect.i1.i64.i32(i64 %ret_V_5, i32 3)" [./pgconv.h:30]   --->   Operation 36 'bitselect' 'tmp_170' <Predicate = true> <Delay = 0.00>
ST_1 : Operation 37 [1/1] (0.00ns)   --->   "%tmp_171 = call i1 @_ssdm_op_BitSelect.i1.i64.i32(i64 %ret_V_5, i32 1)" [./pgconv.h:30]   --->   Operation 37 'bitselect' 'tmp_171' <Predicate = true> <Delay = 0.00>
ST_1 : Operation 38 [1/1] (0.00ns)   --->   "%ret_V = call i63 @_ssdm_op_BitConcatenate.i63.i1.i1.i1.i1.i1.i1.i1.i1.i1.i1.i1.i1.i1.i1.i1.i1.i1.i1.i1.i1.i1.i1.i1.i1.i1.i1.i1.i1.i1.i1.i1.i1.i1.i1.i1.i1.i1.i1.i1.i1.i1.i1.i1.i1.i1.i1.i1.i1.i1.i1.i1.i1.i1.i1.i1.i1.i1.i1.i1.i1.i1.i1.i1(i1 %tmp, i1 false, i1 %tmp_141, i1 false, i1 %tmp_142, i1 false, i1 %tmp_143, i1 false, i1 %tmp_144, i1 false, i1 %tmp_145, i1 false, i1 %tmp_146, i1 false, i1 %tmp_147, i1 false, i1 %tmp_148, i1 false, i1 %tmp_149, i1 false, i1 %tmp_150, i1 false, i1 %tmp_151, i1 false, i1 %tmp_152, i1 false, i1 %tmp_153, i1 false, i1 %tmp_154, i1 false, i1 %tmp_155, i1 false, i1 %tmp_156, i1 false, i1 %tmp_157, i1 false, i1 %tmp_158, i1 false, i1 %tmp_159, i1 false, i1 %tmp_160, i1 false, i1 %tmp_161, i1 false, i1 %tmp_162, i1 false, i1 %tmp_163, i1 false, i1 %tmp_164, i1 false, i1 %tmp_165, i1 false, i1 %tmp_166, i1 false, i1 %tmp_167, i1 false, i1 %tmp_168, i1 false, i1 %tmp_169, i1 false, i1 %tmp_170, i1 false, i1 %tmp_171)" [./pgconv.h:30]   --->   Operation 38 'bitconcatenate' 'ret_V' <Predicate = true> <Delay = 0.00>
ST_1 : Operation 39 [1/1] (0.00ns)   --->   "%zext_ln1355 = zext i63 %ret_V to i64" [./pgconv.h:30]   --->   Operation 39 'zext' 'zext_ln1355' <Predicate = true> <Delay = 0.00>
ST_1 : Operation 40 [1/1] (1.47ns)   --->   "%x_V_5 = sub i64 %ret_V_5, %zext_ln1355" [./pgconv.h:30]   --->   Operation 40 'sub' 'x_V_5' <Predicate = true> <Delay = 1.47> <Core = "AddSub">   --->   Core 14 'AddSub' <Latency = 0> <II = 1> <Delay = 0.89> <FuncUnit> <Opcode : 'add' 'sub'> <InPorts = 2> <OutPorts = 1>
ST_1 : Operation 41 [1/1] (0.00ns)   --->   "%trunc_ln1355 = trunc i64 %x_V_5 to i2" [./pgconv.h:31]   --->   Operation 41 'trunc' 'trunc_ln1355' <Predicate = true> <Delay = 0.00>
ST_1 : Operation 42 [1/1] (0.00ns)   --->   "%tmp_s = call i2 @_ssdm_op_PartSelect.i2.i64.i32.i32(i64 %x_V_5, i32 60, i32 61)" [./pgconv.h:31]   --->   Operation 42 'partselect' 'tmp_s' <Predicate = true> <Delay = 0.00>
ST_1 : Operation 43 [1/1] (0.00ns)   --->   "%tmp_36 = call i2 @_ssdm_op_PartSelect.i2.i64.i32.i32(i64 %x_V_5, i32 56, i32 57)" [./pgconv.h:31]   --->   Operation 43 'partselect' 'tmp_36' <Predicate = true> <Delay = 0.00>
ST_1 : Operation 44 [1/1] (0.00ns)   --->   "%tmp_37 = call i2 @_ssdm_op_PartSelect.i2.i64.i32.i32(i64 %x_V_5, i32 52, i32 53)" [./pgconv.h:31]   --->   Operation 44 'partselect' 'tmp_37' <Predicate = true> <Delay = 0.00>
ST_1 : Operation 45 [1/1] (0.00ns)   --->   "%tmp_38 = call i2 @_ssdm_op_PartSelect.i2.i64.i32.i32(i64 %x_V_5, i32 48, i32 49)" [./pgconv.h:31]   --->   Operation 45 'partselect' 'tmp_38' <Predicate = true> <Delay = 0.00>
ST_1 : Operation 46 [1/1] (0.00ns)   --->   "%tmp_39 = call i2 @_ssdm_op_PartSelect.i2.i64.i32.i32(i64 %x_V_5, i32 44, i32 45)" [./pgconv.h:31]   --->   Operation 46 'partselect' 'tmp_39' <Predicate = true> <Delay = 0.00>
ST_1 : Operation 47 [1/1] (0.00ns)   --->   "%tmp_40 = call i2 @_ssdm_op_PartSelect.i2.i64.i32.i32(i64 %x_V_5, i32 40, i32 41)" [./pgconv.h:31]   --->   Operation 47 'partselect' 'tmp_40' <Predicate = true> <Delay = 0.00>
ST_1 : Operation 48 [1/1] (0.00ns)   --->   "%tmp_41 = call i2 @_ssdm_op_PartSelect.i2.i64.i32.i32(i64 %x_V_5, i32 36, i32 37)" [./pgconv.h:31]   --->   Operation 48 'partselect' 'tmp_41' <Predicate = true> <Delay = 0.00>
ST_1 : Operation 49 [1/1] (0.00ns)   --->   "%tmp_42 = call i2 @_ssdm_op_PartSelect.i2.i64.i32.i32(i64 %x_V_5, i32 32, i32 33)" [./pgconv.h:31]   --->   Operation 49 'partselect' 'tmp_42' <Predicate = true> <Delay = 0.00>
ST_1 : Operation 50 [1/1] (0.00ns)   --->   "%tmp_43 = call i2 @_ssdm_op_PartSelect.i2.i64.i32.i32(i64 %x_V_5, i32 28, i32 29)" [./pgconv.h:31]   --->   Operation 50 'partselect' 'tmp_43' <Predicate = true> <Delay = 0.00>
ST_1 : Operation 51 [1/1] (0.00ns)   --->   "%tmp_44 = call i2 @_ssdm_op_PartSelect.i2.i64.i32.i32(i64 %x_V_5, i32 24, i32 25)" [./pgconv.h:31]   --->   Operation 51 'partselect' 'tmp_44' <Predicate = true> <Delay = 0.00>
ST_1 : Operation 52 [1/1] (0.00ns)   --->   "%tmp_45 = call i2 @_ssdm_op_PartSelect.i2.i64.i32.i32(i64 %x_V_5, i32 20, i32 21)" [./pgconv.h:31]   --->   Operation 52 'partselect' 'tmp_45' <Predicate = true> <Delay = 0.00>
ST_1 : Operation 53 [1/1] (0.00ns)   --->   "%tmp_46 = call i2 @_ssdm_op_PartSelect.i2.i64.i32.i32(i64 %x_V_5, i32 16, i32 17)" [./pgconv.h:31]   --->   Operation 53 'partselect' 'tmp_46' <Predicate = true> <Delay = 0.00>
ST_1 : Operation 54 [1/1] (0.00ns)   --->   "%tmp_47 = call i2 @_ssdm_op_PartSelect.i2.i64.i32.i32(i64 %x_V_5, i32 12, i32 13)" [./pgconv.h:31]   --->   Operation 54 'partselect' 'tmp_47' <Predicate = true> <Delay = 0.00>
ST_1 : Operation 55 [1/1] (0.00ns)   --->   "%tmp_48 = call i2 @_ssdm_op_PartSelect.i2.i64.i32.i32(i64 %x_V_5, i32 8, i32 9)" [./pgconv.h:31]   --->   Operation 55 'partselect' 'tmp_48' <Predicate = true> <Delay = 0.00>
ST_1 : Operation 56 [1/1] (0.00ns)   --->   "%tmp_49 = call i2 @_ssdm_op_PartSelect.i2.i64.i32.i32(i64 %x_V_5, i32 4, i32 5)" [./pgconv.h:31]   --->   Operation 56 'partselect' 'tmp_49' <Predicate = true> <Delay = 0.00>
ST_1 : Operation 57 [1/1] (0.00ns)   --->   "%ret_V_3 = call i62 @_ssdm_op_BitConcatenate.i62.i2.i2.i2.i2.i2.i2.i2.i2.i2.i2.i2.i2.i2.i2.i2.i2.i2.i2.i2.i2.i2.i2.i2.i2.i2.i2.i2.i2.i2.i2.i2(i2 %tmp_s, i2 0, i2 %tmp_36, i2 0, i2 %tmp_37, i2 0, i2 %tmp_38, i2 0, i2 %tmp_39, i2 0, i2 %tmp_40, i2 0, i2 %tmp_41, i2 0, i2 %tmp_42, i2 0, i2 %tmp_43, i2 0, i2 %tmp_44, i2 0, i2 %tmp_45, i2 0, i2 %tmp_46, i2 0, i2 %tmp_47, i2 0, i2 %tmp_48, i2 0, i2 %tmp_49, i2 0, i2 %trunc_ln1355)" [./pgconv.h:31]   --->   Operation 57 'bitconcatenate' 'ret_V_3' <Predicate = true> <Delay = 0.00>
ST_1 : Operation 58 [1/1] (0.00ns)   --->   "%zext_ln1355_1 = zext i62 %ret_V_3 to i63" [./pgconv.h:31]   --->   Operation 58 'zext' 'zext_ln1355_1' <Predicate = true> <Delay = 0.00>
ST_1 : Operation 59 [1/1] (0.00ns)   --->   "%trunc_ln1355_1 = call i2 @_ssdm_op_PartSelect.i2.i64.i32.i32(i64 %x_V_5, i32 2, i32 3)" [./pgconv.h:31]   --->   Operation 59 'partselect' 'trunc_ln1355_1' <Predicate = true> <Delay = 0.00>
ST_1 : Operation 60 [1/1] (0.00ns)   --->   "%tmp_50 = call i2 @_ssdm_op_PartSelect.i2.i64.i32.i32(i64 %x_V_5, i32 62, i32 63)" [./pgconv.h:31]   --->   Operation 60 'partselect' 'tmp_50' <Predicate = true> <Delay = 0.00>
ST_1 : Operation 61 [1/1] (0.00ns)   --->   "%tmp_51 = call i2 @_ssdm_op_PartSelect.i2.i64.i32.i32(i64 %x_V_5, i32 58, i32 59)" [./pgconv.h:31]   --->   Operation 61 'partselect' 'tmp_51' <Predicate = true> <Delay = 0.00>
ST_1 : Operation 62 [1/1] (0.00ns)   --->   "%tmp_52 = call i2 @_ssdm_op_PartSelect.i2.i64.i32.i32(i64 %x_V_5, i32 54, i32 55)" [./pgconv.h:31]   --->   Operation 62 'partselect' 'tmp_52' <Predicate = true> <Delay = 0.00>
ST_1 : Operation 63 [1/1] (0.00ns)   --->   "%tmp_53 = call i2 @_ssdm_op_PartSelect.i2.i64.i32.i32(i64 %x_V_5, i32 50, i32 51)" [./pgconv.h:31]   --->   Operation 63 'partselect' 'tmp_53' <Predicate = true> <Delay = 0.00>
ST_1 : Operation 64 [1/1] (0.00ns)   --->   "%tmp_54 = call i2 @_ssdm_op_PartSelect.i2.i64.i32.i32(i64 %x_V_5, i32 46, i32 47)" [./pgconv.h:31]   --->   Operation 64 'partselect' 'tmp_54' <Predicate = true> <Delay = 0.00>
ST_1 : Operation 65 [1/1] (0.00ns)   --->   "%tmp_55 = call i2 @_ssdm_op_PartSelect.i2.i64.i32.i32(i64 %x_V_5, i32 42, i32 43)" [./pgconv.h:31]   --->   Operation 65 'partselect' 'tmp_55' <Predicate = true> <Delay = 0.00>
ST_1 : Operation 66 [1/1] (0.00ns)   --->   "%tmp_56 = call i2 @_ssdm_op_PartSelect.i2.i64.i32.i32(i64 %x_V_5, i32 38, i32 39)" [./pgconv.h:31]   --->   Operation 66 'partselect' 'tmp_56' <Predicate = true> <Delay = 0.00>
ST_1 : Operation 67 [1/1] (0.00ns)   --->   "%tmp_57 = call i2 @_ssdm_op_PartSelect.i2.i64.i32.i32(i64 %x_V_5, i32 34, i32 35)" [./pgconv.h:31]   --->   Operation 67 'partselect' 'tmp_57' <Predicate = true> <Delay = 0.00>
ST_1 : Operation 68 [1/1] (0.00ns)   --->   "%tmp_58 = call i2 @_ssdm_op_PartSelect.i2.i64.i32.i32(i64 %x_V_5, i32 30, i32 31)" [./pgconv.h:31]   --->   Operation 68 'partselect' 'tmp_58' <Predicate = true> <Delay = 0.00>
ST_1 : Operation 69 [1/1] (0.00ns)   --->   "%tmp_59 = call i2 @_ssdm_op_PartSelect.i2.i64.i32.i32(i64 %x_V_5, i32 26, i32 27)" [./pgconv.h:31]   --->   Operation 69 'partselect' 'tmp_59' <Predicate = true> <Delay = 0.00>
ST_1 : Operation 70 [1/1] (0.00ns)   --->   "%tmp_60 = call i2 @_ssdm_op_PartSelect.i2.i64.i32.i32(i64 %x_V_5, i32 22, i32 23)" [./pgconv.h:31]   --->   Operation 70 'partselect' 'tmp_60' <Predicate = true> <Delay = 0.00>
ST_1 : Operation 71 [1/1] (0.00ns)   --->   "%tmp_61 = call i2 @_ssdm_op_PartSelect.i2.i64.i32.i32(i64 %x_V_5, i32 18, i32 19)" [./pgconv.h:31]   --->   Operation 71 'partselect' 'tmp_61' <Predicate = true> <Delay = 0.00>
ST_1 : Operation 72 [1/1] (0.00ns)   --->   "%tmp_62 = call i2 @_ssdm_op_PartSelect.i2.i64.i32.i32(i64 %x_V_5, i32 14, i32 15)" [./pgconv.h:31]   --->   Operation 72 'partselect' 'tmp_62' <Predicate = true> <Delay = 0.00>
ST_1 : Operation 73 [1/1] (0.00ns)   --->   "%tmp_63 = call i2 @_ssdm_op_PartSelect.i2.i64.i32.i32(i64 %x_V_5, i32 10, i32 11)" [./pgconv.h:31]   --->   Operation 73 'partselect' 'tmp_63' <Predicate = true> <Delay = 0.00>
ST_1 : Operation 74 [1/1] (0.00ns)   --->   "%tmp_64 = call i2 @_ssdm_op_PartSelect.i2.i64.i32.i32(i64 %x_V_5, i32 6, i32 7)" [./pgconv.h:31]   --->   Operation 74 'partselect' 'tmp_64' <Predicate = true> <Delay = 0.00>
ST_1 : Operation 75 [1/1] (0.00ns)   --->   "%ret_V_4 = call i62 @_ssdm_op_BitConcatenate.i62.i2.i2.i2.i2.i2.i2.i2.i2.i2.i2.i2.i2.i2.i2.i2.i2.i2.i2.i2.i2.i2.i2.i2.i2.i2.i2.i2.i2.i2.i2.i2(i2 %tmp_50, i2 0, i2 %tmp_51, i2 0, i2 %tmp_52, i2 0, i2 %tmp_53, i2 0, i2 %tmp_54, i2 0, i2 %tmp_55, i2 0, i2 %tmp_56, i2 0, i2 %tmp_57, i2 0, i2 %tmp_58, i2 0, i2 %tmp_59, i2 0, i2 %tmp_60, i2 0, i2 %tmp_61, i2 0, i2 %tmp_62, i2 0, i2 %tmp_63, i2 0, i2 %tmp_64, i2 0, i2 %trunc_ln1355_1)" [./pgconv.h:31]   --->   Operation 75 'bitconcatenate' 'ret_V_4' <Predicate = true> <Delay = 0.00>
ST_1 : Operation 76 [1/1] (0.00ns)   --->   "%zext_ln1355_2 = zext i62 %ret_V_4 to i63" [./pgconv.h:31]   --->   Operation 76 'zext' 'zext_ln1355_2' <Predicate = true> <Delay = 0.00>
ST_1 : Operation 77 [1/1] (0.00ns)   --->   "%trunc_ln209_1 = call i60 @_ssdm_op_BitConcatenate.i60.i2.i2.i2.i2.i2.i2.i2.i2.i2.i2.i2.i2.i2.i2.i2.i2.i2.i2.i2.i2.i2.i2.i2.i2.i2.i2.i2.i2.i2.i2(i2 0, i2 %tmp_51, i2 0, i2 %tmp_52, i2 0, i2 %tmp_53, i2 0, i2 %tmp_54, i2 0, i2 %tmp_55, i2 0, i2 %tmp_56, i2 0, i2 %tmp_57, i2 0, i2 %tmp_58, i2 0, i2 %tmp_59, i2 0, i2 %tmp_60, i2 0, i2 %tmp_61, i2 0, i2 %tmp_62, i2 0, i2 %tmp_63, i2 0, i2 %tmp_64, i2 0, i2 %trunc_ln1355_1)" [./pgconv.h:31]   --->   Operation 77 'bitconcatenate' 'trunc_ln209_1' <Predicate = true> <Delay = 0.00>
ST_1 : Operation 78 [1/1] (0.00ns)   --->   "%trunc_ln209_2 = call i60 @_ssdm_op_BitConcatenate.i60.i2.i2.i2.i2.i2.i2.i2.i2.i2.i2.i2.i2.i2.i2.i2.i2.i2.i2.i2.i2.i2.i2.i2.i2.i2.i2.i2.i2.i2.i2(i2 0, i2 %tmp_36, i2 0, i2 %tmp_37, i2 0, i2 %tmp_38, i2 0, i2 %tmp_39, i2 0, i2 %tmp_40, i2 0, i2 %tmp_41, i2 0, i2 %tmp_42, i2 0, i2 %tmp_43, i2 0, i2 %tmp_44, i2 0, i2 %tmp_45, i2 0, i2 %tmp_46, i2 0, i2 %tmp_47, i2 0, i2 %tmp_48, i2 0, i2 %tmp_49, i2 0, i2 %trunc_ln1355)" [./pgconv.h:31]   --->   Operation 78 'bitconcatenate' 'trunc_ln209_2' <Predicate = true> <Delay = 0.00>
ST_1 : Operation 79 [1/1] (1.44ns)   --->   "%add_ln209_1 = add i62 %ret_V_4, %ret_V_3" [./pgconv.h:31]   --->   Operation 79 'add' 'add_ln209_1' <Predicate = true> <Delay = 1.44> <Core = "AddSub">   --->   Core 14 'AddSub' <Latency = 0> <II = 1> <Delay = 0.89> <FuncUnit> <Opcode : 'add' 'sub'> <InPorts = 2> <OutPorts = 1>
ST_1 : Operation 80 [1/1] (1.44ns)   --->   "%x_V = add i63 %zext_ln1355_1, %zext_ln1355_2" [./pgconv.h:31]   --->   Operation 80 'add' 'x_V' <Predicate = true> <Delay = 1.44> <Core = "AddSub">   --->   Core 14 'AddSub' <Latency = 0> <II = 1> <Delay = 0.89> <FuncUnit> <Opcode : 'add' 'sub'> <InPorts = 2> <OutPorts = 1>
ST_1 : Operation 81 [1/1] (0.00ns) (grouped into TernaryAdder)   --->   "%add_ln209_2 = add i60 %trunc_ln209_1, %trunc_ln209_2" [./pgconv.h:32]   --->   Operation 81 'add' 'add_ln209_2' <Predicate = true> <Delay = 0.00> <Core = "TAddSub">   --->   Core 83 'TAddSub' <Latency = 0> <II = 1> <Delay = 0.52> <IPBlock> <Opcode : 'add' 'sub'> <InPorts = 3> <OutPorts = 1> <Sync> <CReg>
ST_1 : Operation 82 [1/1] (0.00ns)   --->   "%tmp_65 = call i59 @_ssdm_op_PartSelect.i59.i63.i32.i32(i63 %x_V, i32 4, i32 62)" [./pgconv.h:32]   --->   Operation 82 'partselect' 'tmp_65' <Predicate = true> <Delay = 0.00>
ST_1 : Operation 83 [1/1] (0.00ns)   --->   "%zext_ln209_2 = zext i59 %tmp_65 to i60" [./pgconv.h:32]   --->   Operation 83 'zext' 'zext_ln209_2' <Predicate = true> <Delay = 0.00>
ST_1 : Operation 84 [1/1] (0.00ns)   --->   "%trunc_ln5 = call i4 @_ssdm_op_PartSelect.i4.i62.i32.i32(i62 %add_ln209_1, i32 4, i32 7)" [./pgconv.h:32]   --->   Operation 84 'partselect' 'trunc_ln5' <Predicate = true> <Delay = 0.00>
ST_1 : Operation 85 [1/1] (0.99ns) (root node of TernaryAdder)   --->   "%add_ln209 = add i60 %add_ln209_2, %zext_ln209_2" [./pgconv.h:32]   --->   Operation 85 'add' 'add_ln209' <Predicate = true> <Delay = 0.99> <Core = "TAddSub">   --->   Core 83 'TAddSub' <Latency = 0> <II = 1> <Delay = 0.52> <IPBlock> <Opcode : 'add' 'sub'> <InPorts = 3> <OutPorts = 1> <Sync> <CReg>
ST_1 : Operation 86 [1/1] (0.00ns)   --->   "%tmp_66 = call i4 @_ssdm_op_PartSelect.i4.i60.i32.i32(i60 %add_ln209, i32 56, i32 59)" [./pgconv.h:32]   --->   Operation 86 'partselect' 'tmp_66' <Predicate = true> <Delay = 0.00>
ST_1 : Operation 87 [1/1] (0.00ns)   --->   "%tmp_67 = call i4 @_ssdm_op_PartSelect.i4.i60.i32.i32(i60 %add_ln209, i32 48, i32 51)" [./pgconv.h:32]   --->   Operation 87 'partselect' 'tmp_67' <Predicate = true> <Delay = 0.00>
ST_1 : Operation 88 [1/1] (0.00ns)   --->   "%tmp_68 = call i4 @_ssdm_op_PartSelect.i4.i60.i32.i32(i60 %add_ln209, i32 40, i32 43)" [./pgconv.h:32]   --->   Operation 88 'partselect' 'tmp_68' <Predicate = true> <Delay = 0.00>
ST_1 : Operation 89 [1/1] (0.00ns)   --->   "%tmp_69 = call i4 @_ssdm_op_PartSelect.i4.i60.i32.i32(i60 %add_ln209, i32 32, i32 35)" [./pgconv.h:32]   --->   Operation 89 'partselect' 'tmp_69' <Predicate = true> <Delay = 0.00>
ST_1 : Operation 90 [1/1] (0.00ns)   --->   "%tmp_70 = call i4 @_ssdm_op_PartSelect.i4.i60.i32.i32(i60 %add_ln209, i32 24, i32 27)" [./pgconv.h:32]   --->   Operation 90 'partselect' 'tmp_70' <Predicate = true> <Delay = 0.00>
ST_1 : Operation 91 [1/1] (0.00ns)   --->   "%tmp_71 = call i4 @_ssdm_op_PartSelect.i4.i60.i32.i32(i60 %add_ln209, i32 16, i32 19)" [./pgconv.h:32]   --->   Operation 91 'partselect' 'tmp_71' <Predicate = true> <Delay = 0.00>
ST_1 : Operation 92 [1/1] (0.00ns)   --->   "%tmp_72 = call i4 @_ssdm_op_PartSelect.i4.i60.i32.i32(i60 %add_ln209, i32 8, i32 11)" [./pgconv.h:32]   --->   Operation 92 'partselect' 'tmp_72' <Predicate = true> <Delay = 0.00>
ST_1 : Operation 93 [1/1] (0.00ns)   --->   "%trunc_ln209 = trunc i60 %add_ln209 to i4" [./pgconv.h:32]   --->   Operation 93 'trunc' 'trunc_ln209' <Predicate = true> <Delay = 0.00>

State 2 <SV = 1> <Delay = 4.28>
ST_2 : Operation 94 [1/1] (0.00ns)   --->   "call void (...)* @_ssdm_op_SpecLatency(i32 0, i32 1, [1 x i8]* @p_str4) nounwind" [./pgconv.h:27]   --->   Operation 94 'speclatency' <Predicate = true> <Delay = 0.00>
ST_2 : Operation 95 [1/1] (0.00ns)   --->   "%zext_ln209 = zext i2 %trunc_ln1355_1 to i4" [./pgconv.h:32]   --->   Operation 95 'zext' 'zext_ln209' <Predicate = true> <Delay = 0.00>
ST_2 : Operation 96 [1/1] (0.00ns)   --->   "%zext_ln209_1 = zext i2 %trunc_ln1355 to i4" [./pgconv.h:32]   --->   Operation 96 'zext' 'zext_ln209_1' <Predicate = true> <Delay = 0.00>
ST_2 : Operation 97 [1/1] (0.00ns) (grouped into TernaryAdder)   --->   "%add_ln209_4 = add i4 %zext_ln209_1, %trunc_ln5" [./pgconv.h:32]   --->   Operation 97 'add' 'add_ln209_4' <Predicate = true> <Delay = 0.00> <Core = "TAddSub">   --->   Core 83 'TAddSub' <Latency = 0> <II = 1> <Delay = 0.52> <IPBlock> <Opcode : 'add' 'sub'> <InPorts = 3> <OutPorts = 1> <Sync> <CReg>
ST_2 : Operation 98 [1/1] (0.54ns) (root node of TernaryAdder)   --->   "%add_ln209_3 = add i4 %add_ln209_4, %zext_ln209" [./pgconv.h:32]   --->   Operation 98 'add' 'add_ln209_3' <Predicate = true> <Delay = 0.54> <Core = "TAddSub">   --->   Core 83 'TAddSub' <Latency = 0> <II = 1> <Delay = 0.52> <IPBlock> <Opcode : 'add' 'sub'> <InPorts = 3> <OutPorts = 1> <Sync> <CReg>
ST_2 : Operation 99 [1/1] (0.00ns)   --->   "%x_V_3 = call i60 @_ssdm_op_BitConcatenate.i60.i4.i4.i4.i4.i4.i4.i4.i4.i4.i4.i4.i4.i4.i4.i4(i4 %tmp_66, i4 0, i4 %tmp_67, i4 0, i4 %tmp_68, i4 0, i4 %tmp_69, i4 0, i4 %tmp_70, i4 0, i4 %tmp_71, i4 0, i4 %tmp_72, i4 0, i4 %trunc_ln209)" [./pgconv.h:32]   --->   Operation 99 'bitconcatenate' 'x_V_3' <Predicate = true> <Delay = 0.00>
ST_2 : Operation 100 [1/1] (0.00ns)   --->   "%r_V_3 = call i52 @_ssdm_op_BitConcatenate.i52.i4.i4.i4.i4.i4.i4.i4.i4.i4.i4.i4.i4.i4(i4 %tmp_66, i4 0, i4 %tmp_67, i4 0, i4 %tmp_68, i4 0, i4 %tmp_69, i4 0, i4 %tmp_70, i4 0, i4 %tmp_71, i4 0, i4 %tmp_72)" [./pgconv.h:33]   --->   Operation 100 'bitconcatenate' 'r_V_3' <Predicate = true> <Delay = 0.00>
ST_2 : Operation 101 [1/1] (0.00ns)   --->   "%r_V = zext i52 %r_V_3 to i60" [./pgconv.h:33]   --->   Operation 101 'zext' 'r_V' <Predicate = true> <Delay = 0.00>
ST_2 : Operation 102 [1/1] (0.00ns)   --->   "%zext_ln214 = zext i4 %add_ln209_3 to i7" [./pgconv.h:36]   --->   Operation 102 'zext' 'zext_ln214' <Predicate = true> <Delay = 0.00>
ST_2 : Operation 103 [1/1] (0.00ns)   --->   "%trunc_ln6 = call i7 @_ssdm_op_BitConcatenate.i7.i3.i4(i3 0, i4 %tmp_72)" [./pgconv.h:36]   --->   Operation 103 'bitconcatenate' 'trunc_ln6' <Predicate = true> <Delay = 0.00>
ST_2 : Operation 104 [1/1] (0.00ns)   --->   "%trunc_ln7 = call i40 @_ssdm_op_BitConcatenate.i40.i4.i4.i4.i4.i4.i4.i4.i4.i4.i4(i4 0, i4 %tmp_68, i4 0, i4 %tmp_69, i4 0, i4 %tmp_70, i4 0, i4 %tmp_71, i4 0, i4 %tmp_72)" [./pgconv.h:33]   --->   Operation 104 'bitconcatenate' 'trunc_ln7' <Predicate = true> <Delay = 0.00>
ST_2 : Operation 105 [1/1] (0.00ns)   --->   "%trunc_ln700_3 = call i40 @_ssdm_op_BitConcatenate.i40.i4.i4.i4.i4.i4.i4.i4.i4.i4.i4(i4 0, i4 %tmp_69, i4 0, i4 %tmp_70, i4 0, i4 %tmp_71, i4 0, i4 %tmp_72, i4 0, i4 %trunc_ln209)" [./pgconv.h:33]   --->   Operation 105 'bitconcatenate' 'trunc_ln700_3' <Predicate = true> <Delay = 0.00>
ST_2 : Operation 106 [1/1] (1.41ns)   --->   "%add_ln700 = add i60 %r_V, %x_V_3" [./pgconv.h:33]   --->   Operation 106 'add' 'add_ln700' <Predicate = true> <Delay = 1.41> <Core = "AddSub">   --->   Core 14 'AddSub' <Latency = 0> <II = 1> <Delay = 0.89> <FuncUnit> <Opcode : 'add' 'sub'> <InPorts = 2> <OutPorts = 1>
ST_2 : Operation 107 [1/1] (0.00ns) (grouped into TernaryAdder)   --->   "%add_ln700_1 = add i40 %trunc_ln7, %trunc_ln700_3" [./pgconv.h:33]   --->   Operation 107 'add' 'add_ln700_1' <Predicate = true> <Delay = 0.00> <Core = "TAddSub">   --->   Core 83 'TAddSub' <Latency = 0> <II = 1> <Delay = 0.52> <IPBlock> <Opcode : 'add' 'sub'> <InPorts = 3> <OutPorts = 1> <Sync> <CReg>
ST_2 : Operation 108 [1/1] (0.00ns)   --->   "%trunc_ln1503_2 = call i40 @_ssdm_op_PartSelect.i40.i60.i32.i32(i60 %add_ln700, i32 16, i32 55)" [./pgconv.h:34]   --->   Operation 108 'partselect' 'trunc_ln1503_2' <Predicate = true> <Delay = 0.00>
ST_2 : Operation 109 [1/1] (0.00ns)   --->   "%trunc_ln214_1 = call i7 @_ssdm_op_PartSelect.i7.i60.i32.i32(i60 %add_ln700, i32 16, i32 22)" [./pgconv.h:36]   --->   Operation 109 'partselect' 'trunc_ln214_1' <Predicate = true> <Delay = 0.00>
ST_2 : Operation 110 [1/1] (0.91ns) (root node of TernaryAdder)   --->   "%x_V_4 = add i40 %add_ln700_1, %trunc_ln1503_2" [./pgconv.h:34]   --->   Operation 110 'add' 'x_V_4' <Predicate = true> <Delay = 0.91> <Core = "TAddSub">   --->   Core 83 'TAddSub' <Latency = 0> <II = 1> <Delay = 0.52> <IPBlock> <Opcode : 'add' 'sub'> <InPorts = 3> <OutPorts = 1> <Sync> <CReg>
ST_2 : Operation 111 [1/1] (0.00ns)   --->   "%trunc_ln214_2 = call i7 @_ssdm_op_PartSelect.i7.i40.i32.i32(i40 %x_V_4, i32 32, i32 38)" [./pgconv.h:36]   --->   Operation 111 'partselect' 'trunc_ln214_2' <Predicate = true> <Delay = 0.00>
ST_2 : Operation 112 [1/1] (0.00ns) (grouped into TernaryAdder)   --->   "%add_ln214_1 = add i7 %trunc_ln6, %zext_ln214" [./pgconv.h:36]   --->   Operation 112 'add' 'add_ln214_1' <Predicate = true> <Delay = 0.00> <Core = "TAddSub">   --->   Core 83 'TAddSub' <Latency = 0> <II = 1> <Delay = 0.52> <IPBlock> <Opcode : 'add' 'sub'> <InPorts = 3> <OutPorts = 1> <Sync> <CReg>
ST_2 : Operation 113 [1/1] (0.89ns)   --->   "%add_ln214_2 = add i7 %trunc_ln214_1, %trunc_ln214_2" [./pgconv.h:36]   --->   Operation 113 'add' 'add_ln214_2' <Predicate = true> <Delay = 0.89> <Core = "AddSub">   --->   Core 14 'AddSub' <Latency = 0> <II = 1> <Delay = 0.89> <FuncUnit> <Opcode : 'add' 'sub'> <InPorts = 2> <OutPorts = 1>
ST_2 : Operation 114 [1/1] (1.05ns) (root node of TernaryAdder)   --->   "%add_ln214 = add i7 %add_ln214_2, %add_ln214_1" [./pgconv.h:36]   --->   Operation 114 'add' 'add_ln214' <Predicate = true> <Delay = 1.05> <Core = "TAddSub">   --->   Core 83 'TAddSub' <Latency = 0> <II = 1> <Delay = 0.52> <IPBlock> <Opcode : 'add' 'sub'> <InPorts = 3> <OutPorts = 1> <Sync> <CReg>
ST_2 : Operation 115 [1/1] (0.00ns)   --->   "ret i7 %add_ln214" [./pgconv.h:36]   --->   Operation 115 'ret' <Predicate = true> <Delay = 0.00>


============================================================
+ Verbose Summary: Timing violations
============================================================
Target clock period: 4ns, clock uncertainty: 0.5ns.

 <State 1>: 4.35ns
The critical path consists of the following:
	wire read on port 'w_V' (./pgconv.h:28) [4]  (0 ns)
	'xor' operation ('ret.V', ./pgconv.h:28) [6]  (0.441 ns)
	'sub' operation ('x.V', ./pgconv.h:30) [41]  (1.47 ns)
	'add' operation ('x.V', ./pgconv.h:31) [83]  (1.44 ns)
	'add' operation ('add_ln209', ./pgconv.h:32) [88]  (0.992 ns)

 <State 2>: 4.28ns
The critical path consists of the following:
	'add' operation ('add_ln700', ./pgconv.h:33) [106]  (1.42 ns)
	'add' operation ('x.V', ./pgconv.h:34) [110]  (0.919 ns)
	'add' operation ('add_ln214_2', ./pgconv.h:36) [113]  (0.897 ns)
	'add' operation ('add_ln214', ./pgconv.h:36) [114]  (1.05 ns)


============================================================
+ Verbose Summary: Binding
============================================================
N/A
* FSMD analyzer results:
  - Output states:
 - Input state : 
  - Chain level:
	State 1
	State 2


============================================================
+ Verbose Summary: Datapath Resource usage 
============================================================
N/A
